#
# There is insufficient memory for the Java Runtime Environment to continue.
# Native memory allocation (mmap) failed to map 132120576 bytes for committing reserved memory.
# Possible reasons:
#   The system is out of physical RAM or swap space
#   The process is running with CompressedOops enabled, and the Java Heap may be blocking the growth of the native heap
# Possible solutions:
#   Reduce memory load on the system
#   Increase physical memory or swap space
#   Check if swap backing store is full
#   Decrease Java heap size (-Xmx/-Xms)
#   Decrease number of Java threads
#   Decrease Java thread stack sizes (-Xss)
#   Set larger code cache with -XX:ReservedCodeCacheSize=
#   JVM is running with Zero Based Compressed Oops mode in which the Java heap is
#     placed in the first 32GB address space. The Java Heap base address is the
#     maximum limit for the native heap growth. Please use -XX:HeapBaseMinAddress
#     to set the Java Heap base and to place the Java Heap above 32GB virtual address.
# This output file may be truncated or incomplete.
#
#  Out of Memory Error (os_linux.cpp:2757), pid=4318, tid=0x00007f98dbdfd700
#
# JRE version: OpenJDK Runtime Environment (8.0_222-b10) (build 1.8.0_222-8u222-b10-1ubuntu1~16.04.1-b10)
# Java VM: OpenJDK 64-Bit Server VM (25.222-b10 mixed mode linux-amd64 compressed oops)
# Failed to write core dump. Core dumps have been disabled. To enable core dumping, try "ulimit -c unlimited" before starting Java again
#

---------------  T H R E A D  ---------------

Current thread (0x00007f98f408e000):  VMThread [stack: 0x00007f98dbcfd000,0x00007f98dbdfe000] [id=4335]

Stack: [0x00007f98dbcfd000,0x00007f98dbdfe000],  sp=0x00007f98dbdfc4c0,  free space=1021k
Native frames: (J=compiled Java code, j=interpreted, Vv=VM code, C=native code)
V  [libjvm.so+0xa7787b]
V  [libjvm.so+0x4caa8c]
V  [libjvm.so+0x8c5da8]
V  [libjvm.so+0x8bd3ee]
V  [libjvm.so+0x93b476]
V  [libjvm.so+0x93c7a3]
V  [libjvm.so+0x938e84]
V  [libjvm.so+0x931ce9]
V  [libjvm.so+0x44da03]
V  [libjvm.so+0xa78e19]
V  [libjvm.so+0xa7e587]
V  [libjvm.so+0xa7bde7]
V  [libjvm.so+0xa7d0cf]
V  [libjvm.so+0xa7d5f2]
V  [libjvm.so+0x8c3102]

VM_Operation (0x00007f98d9b20ed0): CollectForMetadataAllocation, mode: safepoint, requested by thread 0x00007f98f4fa6800


---------------  P R O C E S S  ---------------

Java Threads: ( => current thread )
  0x00007f98f4fa6800 JavaThread "pool-1-thread-1" [_thread_blocked, id=4722, stack(0x00007f98d9a26000,0x00007f98d9b27000)]
  0x00007f98f4155800 JavaThread "Timer-0" [_thread_blocked, id=4681, stack(0x00007f98d9b27000,0x00007f98d9c28000)]
  0x00007f98f4761000 JavaThread "ScalaTest-dispatcher" [_thread_blocked, id=4680, stack(0x00007f98d9e58000,0x00007f98d9f59000)]
  0x00007f98f40d8800 JavaThread "Service Thread" daemon [_thread_blocked, id=4367, stack(0x00007f98db21d000,0x00007f98db31e000)]
  0x00007f98f40d5000 JavaThread "C1 CompilerThread3" daemon [_thread_blocked, id=4357, stack(0x00007f98db31e000,0x00007f98db41f000)]
  0x00007f98f40d3000 JavaThread "C2 CompilerThread2" daemon [_thread_blocked, id=4356, stack(0x00007f98db41f000,0x00007f98db520000)]
  0x00007f98f40d1800 JavaThread "C2 CompilerThread1" daemon [_thread_blocked, id=4355, stack(0x00007f98db520000,0x00007f98db621000)]
  0x00007f98f40ce800 JavaThread "C2 CompilerThread0" daemon [_thread_blocked, id=4354, stack(0x00007f98db621000,0x00007f98db722000)]
  0x00007f98f40cc800 JavaThread "Signal Dispatcher" daemon [_thread_blocked, id=4353, stack(0x00007f98db722000,0x00007f98db823000)]
  0x00007f98f409a000 JavaThread "Finalizer" daemon [_thread_blocked, id=4340, stack(0x00007f98dbafb000,0x00007f98dbbfc000)]
  0x00007f98f4097800 JavaThread "Reference Handler" daemon [_thread_blocked, id=4336, stack(0x00007f98dbbfc000,0x00007f98dbcfd000)]
  0x00007f98f4018000 JavaThread "main" [_thread_blocked, id=4326, stack(0x00007f98fab41000,0x00007f98fac42000)]

Other Threads:
=>0x00007f98f408e000 VMThread [stack: 0x00007f98dbcfd000,0x00007f98dbdfe000] [id=4335]
  0x00007f98f40db000 WatcherThread [stack: 0x00007f98db11c000,0x00007f98db21d000] [id=4369]

VM state:at safepoint (normal execution)

VM Mutex/Monitor currently owned by a thread:  ([mutex/lock_event])
[0x00007f98f4014630] Threads_lock - owner thread: 0x00007f98f408e000
[0x00007f98f4014b30] Heap_lock - owner thread: 0x00007f98f4fa6800

heap address: 0x00000006c7c00000, size: 3972 MB, Compressed Oops mode: Zero based, Oop shift amount: 3
Narrow klass base: 0x0000000000000000, Narrow klass shift: 3
Compressed class space size: 1073741824 Address: 0x00000007c0000000

Heap:
 PSYoungGen      total 139264K, used 8082K [0x000000076d400000, 0x0000000776600000, 0x00000007c0000000)
  eden space 129024K, 0% used [0x000000076d400000,0x000000076d400000,0x0000000775200000)
  from space 10240K, 78% used [0x0000000775200000,0x00000007759e4aa0,0x0000000775c00000)
  to   space 10240K, 0% used [0x0000000775c00000,0x0000000775c00000,0x0000000776600000)
 ParOldGen       total 171008K, used 413K [0x00000006c7c00000, 0x00000006d2300000, 0x000000076d400000)
  object space 171008K, 0% used [0x00000006c7c00000,0x00000006c7c67418,0x00000006d2300000)
 Metaspace       used 20825K, capacity 21018K, committed 21296K, reserved 1067008K
  class space    used 3107K, capacity 3177K, committed 3200K, reserved 1048576K

Card table byte_map: [0x00007f98e3a12000,0x00007f98e41d5000] byte_map_base: 0x00007f98e03d4000

Marking Bits: (ParMarkBitMap*) 0x00007f98f9e09540
 Begin Bits: [0x00007f98ac3e0000, 0x00007f98b01f0000)
 End Bits:   [0x00007f98b01f0000, 0x00007f98b4000000)

Polling page: 0x00007f98fac5c000

CodeCache: size=245760Kb used=6316Kb max_used=6329Kb free=239443Kb
 bounds [0x00007f98e4595000, 0x00007f98e4bd5000, 0x00007f98f3595000]
 total_blobs=2490 nmethods=2126 adapters=277
 compilation: enabled

Compilation events (10 events):
Event: 5.305 Thread 0x00007f98f40ce800 nmethod 2121 0x00007f98e4ba47d0 code [0x00007f98e4ba4940, 0x00007f98e4ba4cb8]
Event: 5.346 Thread 0x00007f98f40d1800 nmethod 2104 0x00007f98e4bbf390 code [0x00007f98e4bbf800, 0x00007f98e4bc29a0]
Event: 5.767 Thread 0x00007f98f40d5000 2123       3       java.util.Arrays::copyOf (13 bytes)
Event: 5.838 Thread 0x00007f98f40d5000 nmethod 2123 0x00007f98e4bb6d50 code [0x00007f98e4bb6ec0, 0x00007f98e4bb70c8]
Event: 6.301 Thread 0x00007f98f40ce800 2124   !   4       java.lang.ClassLoader::loadClass (122 bytes)
Event: 6.449 Thread 0x00007f98f40d3000 2125       4       java.io.File::exists (43 bytes)
Event: 6.463 Thread 0x00007f98f40ce800 nmethod 2124 0x00007f98e4bc5990 code [0x00007f98e4bc5da0, 0x00007f98e4bc8848]
Event: 6.469 Thread 0x00007f98f40d5000 2126   !   3       java.lang.StringCoding::encode (120 bytes)
Event: 6.492 Thread 0x00007f98f40d5000 nmethod 2126 0x00007f98e4bbc710 code [0x00007f98e4bbca60, 0x00007f98e4bbe4b8]
Event: 6.562 Thread 0x00007f98f40d3000 nmethod 2125 0x00007f98e4bb9550 code [0x00007f98e4bb9720, 0x00007f98e4bb9f88]

GC Heap History (5 events):
Event: 2.002 GC heap before
{Heap before GC invocations=1 (full 0):
 PSYoungGen      total 74752K, used 64512K [0x000000076d400000, 0x0000000772700000, 0x00000007c0000000)
  eden space 64512K, 100% used [0x000000076d400000,0x0000000771300000,0x0000000771300000)
  from space 10240K, 0% used [0x0000000771d00000,0x0000000771d00000,0x0000000772700000)
  to   space 10240K, 0% used [0x0000000771300000,0x0000000771300000,0x0000000771d00000)
 ParOldGen       total 171008K, used 0K [0x00000006c7c00000, 0x00000006d2300000, 0x000000076d400000)
  object space 171008K, 0% used [0x00000006c7c00000,0x00000006c7c00000,0x00000006d2300000)
 Metaspace       used 13109K, capacity 13252K, committed 13440K, reserved 1060864K
  class space    used 1872K, capacity 1920K, committed 1920K, reserved 1048576K
Event: 2.066 GC heap after
Heap after GC invocations=1 (full 0):
 PSYoungGen      total 74752K, used 9827K [0x000000076d400000, 0x0000000776600000, 0x00000007c0000000)
  eden space 64512K, 0% used [0x000000076d400000,0x000000076d400000,0x0000000771300000)
  from space 10240K, 95% used [0x0000000771300000,0x0000000771c98f90,0x0000000771d00000)
  to   space 10240K, 0% used [0x0000000775c00000,0x0000000775c00000,0x0000000776600000)
 ParOldGen       total 171008K, used 8K [0x00000006c7c00000, 0x00000006d2300000, 0x000000076d400000)
  object space 171008K, 0% used [0x00000006c7c00000,0x00000006c7c02000,0x00000006d2300000)
 Metaspace       used 13109K, capacity 13252K, committed 13440K, reserved 1060864K
  class space    used 1872K, capacity 1920K, committed 1920K, reserved 1048576K
}
Event: 4.504 GC heap before
{Heap before GC invocations=2 (full 0):
 PSYoungGen      total 74752K, used 74339K [0x000000076d400000, 0x0000000776600000, 0x00000007c0000000)
  eden space 64512K, 100% used [0x000000076d400000,0x0000000771300000,0x0000000771300000)
  from space 10240K, 95% used [0x0000000771300000,0x0000000771c98f90,0x0000000771d00000)
  to   space 10240K, 0% used [0x0000000775c00000,0x0000000775c00000,0x0000000776600000)
 ParOldGen       total 171008K, used 8K [0x00000006c7c00000, 0x00000006d2300000, 0x000000076d400000)
  object space 171008K, 0% used [0x00000006c7c00000,0x00000006c7c02000,0x00000006d2300000)
 Metaspace       used 19277K, capacity 19472K, committed 19712K, reserved 1067008K
  class space    used 2889K, capacity 2946K, committed 3072K, reserved 1048576K
Event: 4.530 GC heap after
Heap after GC invocations=2 (full 0):
 PSYoungGen      total 139264K, used 10225K [0x000000076d400000, 0x0000000776600000, 0x00000007c0000000)
  eden space 129024K, 0% used [0x000000076d400000,0x000000076d400000,0x0000000775200000)
  from space 10240K, 99% used [0x0000000775c00000,0x00000007765fc7b8,0x0000000776600000)
  to   space 10240K, 0% used [0x0000000775200000,0x0000000775200000,0x0000000775c00000)
 ParOldGen       total 171008K, used 405K [0x00000006c7c00000, 0x00000006d2300000, 0x000000076d400000)
  object space 171008K, 0% used [0x00000006c7c00000,0x00000006c7c65418,0x00000006d2300000)
 Metaspace       used 19277K, capacity 19472K, committed 19712K, reserved 1067008K
  class space    used 2889K, capacity 2946K, committed 3072K, reserved 1048576K
}
Event: 6.607 GC heap before
{Heap before GC invocations=3 (full 0):
 PSYoungGen      total 139264K, used 35491K [0x000000076d400000, 0x0000000776600000, 0x00000007c0000000)
  eden space 129024K, 19% used [0x000000076d400000,0x000000076ecac538,0x0000000775200000)
  from space 10240K, 99% used [0x0000000775c00000,0x00000007765fc7b8,0x0000000776600000)
  to   space 10240K, 0% used [0x0000000775200000,0x0000000775200000,0x0000000775c00000)
 ParOldGen       total 171008K, used 405K [0x00000006c7c00000, 0x00000006d2300000, 0x000000076d400000)
  object space 171008K, 0% used [0x00000006c7c00000,0x00000006c7c65418,0x00000006d2300000)
 Metaspace       used 20825K, capacity 21018K, committed 21296K, reserved 1067008K
  class space    used 3107K, capacity 3177K, committed 3200K, reserved 1048576K

Deoptimization events (10 events):
Event: 4.095 Thread 0x00007f98f4018000 Uncommon trap: reason=bimorphic action=maybe_recompile pc=0x00007f98e4977fc4 method=scala.collection.TraversableOnce$class.nonEmpty(Lscala/collection/TraversableOnce;)Z @ 1
Event: 4.095 Thread 0x00007f98f4018000 Uncommon trap: reason=bimorphic action=maybe_recompile pc=0x00007f98e4977fc4 method=scala.collection.TraversableOnce$class.nonEmpty(Lscala/collection/TraversableOnce;)Z @ 1
Event: 4.095 Thread 0x00007f98f4018000 Uncommon trap: reason=bimorphic action=maybe_recompile pc=0x00007f98e4977fc4 method=scala.collection.TraversableOnce$class.nonEmpty(Lscala/collection/TraversableOnce;)Z @ 1
Event: 4.189 Thread 0x00007f98f4018000 Uncommon trap: reason=bimorphic action=maybe_recompile pc=0x00007f98e4a64460 method=scala.collection.generic.Growable$$anonfun$$plus$plus$eq$1.apply(Ljava/lang/Object;)Lscala/collection/generic/Growable; @ 5
Event: 4.493 Thread 0x00007f98f4018000 Uncommon trap: reason=range_check action=make_not_entrant pc=0x00007f98e4ad2ec8 method=sun.reflect.generics.parser.SignatureParser.current()C @ 34
Event: 4.640 Thread 0x00007f98f4018000 Uncommon trap: reason=bimorphic action=maybe_recompile pc=0x00007f98e4977fc4 method=scala.collection.TraversableOnce$class.nonEmpty(Lscala/collection/TraversableOnce;)Z @ 1
Event: 4.826 Thread 0x00007f98f4018000 Uncommon trap: reason=bimorphic action=maybe_recompile pc=0x00007f98e49d5344 method=java.lang.ThreadLocal.get()Ljava/lang/Object; @ 6
Event: 4.949 Thread 0x00007f98f4761000 Uncommon trap: reason=unstable_if action=reinterpret pc=0x00007f98e4b553c0 method=java.lang.ThreadLocal.get()Ljava/lang/Object; @ 11
Event: 5.008 Thread 0x00007f98f4018000 Uncommon trap: reason=unloaded action=reinterpret pc=0x00007f98e482f564 method=sun.misc.URLClassPath$FileLoader.getResource(Ljava/lang/String;Z)Lsun/misc/Resource; @ 142
Event: 5.777 Thread 0x00007f98f4fa6800 Uncommon trap: reason=unstable_if action=reinterpret pc=0x00007f98e4b4df50 method=java.lang.ThreadLocal.get()Ljava/lang/Object; @ 11

Classes redefined (0 events):
No events

Internal exceptions (10 events):
Event: 4.598 Thread 0x00007f98f4018000 Exception <a 'java/lang/ClassNotFoundException': scala/reflect/ScalaSignature> (0x000000076d4ce518) thrown at [/build/openjdk-8-g3XteX/openjdk-8-8u222-b10/src/hotspot/src/share/vm/classfile/systemDictionary.cpp, line 210]
Event: 4.598 Thread 0x00007f98f4018000 Exception <a 'java/lang/ClassNotFoundException': scala/reflect/ScalaLongSignature> (0x000000076d4ceba8) thrown at [/build/openjdk-8-g3XteX/openjdk-8-8u222-b10/src/hotspot/src/share/vm/classfile/systemDictionary.cpp, line 210]
Event: 4.945 Thread 0x00007f98f4761000 Implicit null exception at 0x00007f98e4b54d73 to 0x00007f98e4b553a9
Event: 5.028 Thread 0x00007f98f4761000 Exception <a 'java/lang/NoSuchMethodError': <clinit>> (0x000000076de73b68) thrown at [/build/openjdk-8-g3XteX/openjdk-8-8u222-b10/src/hotspot/src/share/vm/prims/jni.cpp, line 1615]
Event: 5.044 Thread 0x00007f98f4761000 Exception <a 'java/lang/NoSuchMethodError': <clinit>> (0x000000076de82348) thrown at [/build/openjdk-8-g3XteX/openjdk-8-8u222-b10/src/hotspot/src/share/vm/prims/jni.cpp, line 1615]
Event: 5.108 Thread 0x00007f98f4761000 Exception <a 'java/lang/NoSuchMethodError': <clinit>> (0x000000076deaae20) thrown at [/build/openjdk-8-g3XteX/openjdk-8-8u222-b10/src/hotspot/src/share/vm/prims/jni.cpp, line 1615]
Event: 5.160 Thread 0x00007f98f4761000 Exception <a 'java/lang/NoSuchMethodError': <clinit>> (0x000000076df19150) thrown at [/build/openjdk-8-g3XteX/openjdk-8-8u222-b10/src/hotspot/src/share/vm/prims/jni.cpp, line 1615]
Event: 5.168 Thread 0x00007f98f4761000 Exception <a 'java/lang/NoSuchMethodError': <clinit>> (0x000000076df30e98) thrown at [/build/openjdk-8-g3XteX/openjdk-8-8u222-b10/src/hotspot/src/share/vm/prims/jni.cpp, line 1615]
Event: 5.168 Thread 0x00007f98f4761000 Exception <a 'java/lang/NoSuchMethodError': <clinit>> (0x000000076df35ab0) thrown at [/build/openjdk-8-g3XteX/openjdk-8-8u222-b10/src/hotspot/src/share/vm/prims/jni.cpp, line 1615]
Event: 5.770 Thread 0x00007f98f4fa6800 Implicit null exception at 0x00007f98e4b4d8c9 to 0x00007f98e4b4df2d

Events (10 events):
Event: 6.580 loading class org/scalatest/words/ContainWord$$anon$34 done
Event: 6.584 loading class org/scalatest/words/ContainWord$$anon$35
Event: 6.584 loading class org/scalatest/words/ContainWord$$anon$35 done
Event: 6.584 loading class org/scalatest/words/ContainWord$$anon$36
Event: 6.584 loading class org/scalatest/words/ContainWord$$anon$36 done
Event: 6.585 loading class org/scalatest/words/ContainWord$$anon$37
Event: 6.585 loading class org/scalatest/words/ContainWord$$anon$37 done
Event: 6.586 loading class org/scalatest/words/ContainWord$$anon$38
Event: 6.586 loading class org/scalatest/words/ContainWord$$anon$38 done
Event: 6.596 Executing VM operation: CollectForMetadataAllocation


Dynamic libraries:
00400000-00401000 r-xp 00000000 fd:01 6294908                            /usr/lib/jvm/java-8-openjdk-amd64/jre/bin/java
00600000-00601000 r--p 00000000 fd:01 6294908                            /usr/lib/jvm/java-8-openjdk-amd64/jre/bin/java
00601000-00602000 rw-p 00001000 fd:01 6294908                            /usr/lib/jvm/java-8-openjdk-amd64/jre/bin/java
0165f000-01680000 rw-p 00000000 00:00 0                                  [heap]
6c7c00000-6d2300000 rw-p 00000000 00:00 0 
6d2300000-76d400000 ---p 00000000 00:00 0 
76d400000-776600000 rw-p 00000000 00:00 0 
77e400000-7c0000000 ---p 00000000 00:00 0 
7c0000000-7c0320000 rw-p 00000000 00:00 0 
7c0320000-800000000 ---p 00000000 00:00 0 
7f9878000000-7f9878021000 rw-p 00000000 00:00 0 
7f9878021000-7f987c000000 ---p 00000000 00:00 0 
7f987c000000-7f987c043000 rw-p 00000000 00:00 0 
7f987c043000-7f9880000000 ---p 00000000 00:00 0 
7f9880000000-7f9880021000 rw-p 00000000 00:00 0 
7f9880021000-7f9884000000 ---p 00000000 00:00 0 
7f9884000000-7f9884021000 rw-p 00000000 00:00 0 
7f9884021000-7f9888000000 ---p 00000000 00:00 0 
7f9888000000-7f98882d8000 rw-p 00000000 00:00 0 
7f98882d8000-7f988c000000 ---p 00000000 00:00 0 
7f988c000000-7f988c021000 rw-p 00000000 00:00 0 
7f988c021000-7f9890000000 ---p 00000000 00:00 0 
7f9890000000-7f989051f000 rw-p 00000000 00:00 0 
7f989051f000-7f9894000000 ---p 00000000 00:00 0 
7f9894000000-7f9894724000 rw-p 00000000 00:00 0 
7f9894724000-7f9898000000 ---p 00000000 00:00 0 
7f9898000000-7f9898021000 rw-p 00000000 00:00 0 
7f9898021000-7f989c000000 ---p 00000000 00:00 0 
7f989c000000-7f989c9ef000 rw-p 00000000 00:00 0 
7f989c9ef000-7f98a0000000 ---p 00000000 00:00 0 
7f98a0000000-7f98a0021000 rw-p 00000000 00:00 0 
7f98a0021000-7f98a4000000 ---p 00000000 00:00 0 
7f98a4000000-7f98a4021000 rw-p 00000000 00:00 0 
7f98a4021000-7f98a8000000 ---p 00000000 00:00 0 
7f98a8000000-7f98a8021000 rw-p 00000000 00:00 0 
7f98a8021000-7f98ac000000 ---p 00000000 00:00 0 
7f98ac3e0000-7f98b4000000 rw-p 00000000 00:00 0 
7f98b4000000-7f98b4021000 rw-p 00000000 00:00 0 
7f98b4021000-7f98b8000000 ---p 00000000 00:00 0 
7f98b8000000-7f98b8021000 rw-p 00000000 00:00 0 
7f98b8021000-7f98bc000000 ---p 00000000 00:00 0 
7f98bc000000-7f98bc021000 rw-p 00000000 00:00 0 
7f98bc021000-7f98c0000000 ---p 00000000 00:00 0 
7f98c4000000-7f98c4021000 rw-p 00000000 00:00 0 
7f98c4021000-7f98c8000000 ---p 00000000 00:00 0 
7f98c8fff000-7f98cc000000 rw-p 00000000 00:00 0 
7f98cc000000-7f98cc021000 rw-p 00000000 00:00 0 
7f98cc021000-7f98d0000000 ---p 00000000 00:00 0 
7f98d0000000-7f98d0021000 rw-p 00000000 00:00 0 
7f98d0021000-7f98d4000000 ---p 00000000 00:00 0 
7f98d4000000-7f98d4021000 rw-p 00000000 00:00 0 
7f98d4021000-7f98d8000000 ---p 00000000 00:00 0 
7f98d9a26000-7f98d9a29000 ---p 00000000 00:00 0 
7f98d9a29000-7f98d9b27000 rw-p 00000000 00:00 0 
7f98d9b27000-7f98d9b2a000 ---p 00000000 00:00 0 
7f98d9b2a000-7f98d9dd4000 rw-p 00000000 00:00 0 
7f98d9dd4000-7f98d9e28000 ---p 00000000 00:00 0 
7f98d9e58000-7f98d9e5b000 ---p 00000000 00:00 0 
7f98d9e5b000-7f98da159000 rw-p 00000000 00:00 0 
7f98da159000-7f98da15b000 r--s 00002000 fd:01 29753951                   /home/harryb/.sbt/boot/scala-2.10.7/org.scala-sbt/sbt/0.13.18/test-interface-1.0.jar
7f98da20d000-7f98da20e000 r--p 00000000 fd:01 8130288                    /usr/share/locale-langpack/en_GB/LC_MESSAGES/libc.mo
7f98da20e000-7f98da40e000 rw-p 00000000 00:00 0 
7f98da40e000-7f98da60e000 rw-p 00000000 00:00 0 
7f98da60e000-7f98da80e000 rw-p 00000000 00:00 0 
7f98da80e000-7f98da813000 r--s 000a3000 fd:01 6295115                    /usr/lib/jvm/java-8-openjdk-amd64/jre/lib/jsse.jar
7f98da813000-7f98da829000 r-xp 00000000 fd:01 6294992                    /usr/lib/jvm/java-8-openjdk-amd64/jre/lib/amd64/libnet.so
7f98da829000-7f98daa29000 ---p 00016000 fd:01 6294992                    /usr/lib/jvm/java-8-openjdk-amd64/jre/lib/amd64/libnet.so
7f98daa29000-7f98daa2a000 r--p 00016000 fd:01 6294992                    /usr/lib/jvm/java-8-openjdk-amd64/jre/lib/amd64/libnet.so
7f98daa2a000-7f98daa2b000 rw-p 00017000 fd:01 6294992                    /usr/lib/jvm/java-8-openjdk-amd64/jre/lib/amd64/libnet.so
7f98daa2b000-7f98daa2c000 r--s 00005000 fd:01 29753915                   /home/harryb/.sbt/boot/scala-2.10.7/org.scala-sbt/sbt/0.13.18/test-agent-0.13.18.jar
7f98daa2c000-7f98daa2d000 r--s 00002000 fd:01 2229189                    /home/harryb/Applications/hmrc-development-environment/hmrc/individual-losses-api/lib_managed/jars/com.github.jknack/handlebars-helpers/handlebars-helpers-4.0.7.jar
7f98daa2d000-7f98daa34000 r--s 0004c000 fd:01 2228980                    /home/harryb/Applications/hmrc-development-environment/hmrc/individual-losses-api/lib_managed/jars/org.antlr/antlr4-runtime/antlr4-runtime-4.7.1.jar
7f98daa34000-7f98daa3b000 r--s 0004f000 fd:01 2229049                    /home/harryb/Applications/hmrc-development-environment/hmrc/individual-losses-api/lib_managed/jars/com.github.jknack/handlebars/handlebars-4.0.7.jar
7f98daa3b000-7f98daa3d000 r--s 00006000 fd:01 2229126                    /home/harryb/Applications/hmrc-development-environment/hmrc/individual-losses-api/lib_managed/jars/com.flipkart.zjsonpatch/zjsonpatch/zjsonpatch-0.4.4.jar
7f98daa3d000-7f98daa45000 r--s 00072000 fd:01 2228778                    /home/harryb/Applications/hmrc-development-environment/hmrc/individual-losses-api/lib_managed/jars/org.apache.commons/commons-lang3/commons-lang3-3.7.jar
7f98daa45000-7f98daa48000 r--s 00011000 fd:01 2228775                    /home/harryb/Applications/hmrc-development-environment/hmrc/individual-losses-api/lib_managed/jars/net.sf.jopt-simple/jopt-simple/jopt-simple-5.0.3.jar
7f98daa48000-7f98daa4a000 r--s 0001a000 fd:01 2228883                    /home/harryb/Applications/hmrc-development-environment/hmrc/individual-losses-api/lib_managed/jars/org.ow2.asm/asm/asm-7.0.jar
7f98daa4a000-7f98daa4c000 r--s 00006000 fd:01 2229117                    /home/harryb/Applications/hmrc-development-environment/hmrc/individual-losses-api/lib_managed/bundles/net.minidev/accessors-smart/accessors-smart-1.2.jar
7f98daa4c000-7f98daa4f000 r--s 0001b000 fd:01 2229115                    /home/harryb/Applications/hmrc-development-environment/hmrc/individual-losses-api/lib_managed/bundles/net.minidev/json-smart/json-smart-2.3.jar
7f98daa4f000-7f98daa55000 r--s 00031000 fd:01 2229182                    /home/harryb/Applications/hmrc-development-environment/hmrc/individual-losses-api/lib_managed/jars/com.jayway.jsonpath/json-path/json-path-2.4.0.jar
7f98daa55000-7f98daa57000 r--s 00001000 fd:01 2228944                    /home/harryb/Applications/hmrc-development-environment/hmrc/individual-losses-api/lib_managed/jars/org.xmlunit/xmlunit-placeholders/xmlunit-placeholders-2.6.2.jar
7f98daa57000-7f98daa5b000 r--s 0001c000 fd:01 2228843                    /home/harryb/Applications/hmrc-development-environment/hmrc/individual-losses-api/lib_managed/jars/org.xmlunit/xmlunit-legacy/xmlunit-legacy-2.6.2.jar
7f98daa5b000-7f98daa5f000 r--s 00025000 fd:01 2229012                    /home/harryb/Applications/hmrc-development-environment/hmrc/individual-losses-api/lib_managed/jars/org.xmlunit/xmlunit-core/xmlunit-core-2.6.2.jar
7f98daa5f000-7f98daa66000 r--s 00049000 fd:01 2228855                    /home/harryb/Applications/hmrc-development-environment/hmrc/individual-losses-api/lib_managed/jars/org.apache.httpcomponents/httpcore/httpcore-4.4.10.jar
7f98daa66000-7f98daa73000 r--s 000af000 fd:01 2229191                    /home/harryb/Applications/hmrc-development-environment/hmrc/individual-losses-api/lib_managed/jars/org.apache.httpcomponents/httpclient/httpclient-4.5.6.jar
7f98daa73000-7f98daa85000 r--s 00137000 fd:01 2229183                    /home/harryb/Applications/hmrc-development-environment/hmrc/individual-losses-api/lib_managed/bundles/com.fasterxml.jackson.core/jackson-databind/jackson-databind-2.9.8.jar
7f98daa85000-7f98daa88000 r--s 0000e000 fd:01 2228920                    /home/harryb/Applications/hmrc-development-environment/hmrc/individual-losses-api/lib_managed/bundles/com.fasterxml.jackson.core/jackson-annotations/jackson-annotations-2.9.8.jar
7f98daa88000-7f98daa8c000 r--s 0004c000 fd:01 2228802                    /home/harryb/Applications/hmrc-development-environment/hmrc/individual-losses-api/lib_managed/bundles/com.fasterxml.jackson.core/jackson-core/jackson-core-2.9.8.jar
7f98daa8c000-7f98daa8d000 r--s 0000a000 fd:01 2228792                    /home/harryb/Applications/hmrc-development-environment/hmrc/individual-losses-api/lib_managed/jars/org.eclipse.jetty/jetty-xml/jetty-xml-9.2.24.v20180105.jar
7f98daa8d000-7f98daa8f000 r--s 00019000 fd:01 2229185                    /home/harryb/Applications/hmrc-development-environment/hmrc/individual-losses-api/lib_managed/jars/org.eclipse.jetty/jetty-webapp/jetty-webapp-9.2.24.v20180105.jar
7f98daa8f000-7f98daa90000 r--s 00003000 fd:01 2229060                    /home/harryb/Applications/hmrc-development-environment/hmrc/individual-losses-api/lib_managed/jars/org.eclipse.jetty/jetty-continuation/jetty-continuation-9.2.24.v20180105.jar
7f98daa90000-7f98daa93000 r--s 0001c000 fd:01 2228989                    /home/harryb/Applications/hmrc-development-environment/hmrc/individual-losses-api/lib_managed/jars/org.eclipse.jetty/jetty-servlets/jetty-servlets-9.2.24.v20180105.jar
7f98daa93000-7f98daa96000 r--s 00015000 fd:01 2228801                    /home/harryb/Applications/hmrc-development-environment/hmrc/individual-losses-api/lib_managed/jars/org.eclipse.jetty/jetty-security/jetty-security-9.2.24.v20180105.jar
7f98daa96000-7f98daa99000 r--s 0001a000 fd:01 2229067                    /home/harryb/Applications/hmrc-development-environment/hmrc/individual-losses-api/lib_managed/jars/org.eclipse.jetty/jetty-servlet/jetty-servlet-9.2.24.v20180105.jar
7f98daa99000-7f98daa9f000 r--s 00061000 fd:01 2229112                    /home/harryb/Applications/hmrc-development-environment/hmrc/individual-losses-api/lib_managed/jars/org.eclipse.jetty/jetty-server/jetty-server-9.2.24.v20180105.jar
7f98daa9f000-7f98daab0000 r--s 002ce000 fd:01 2229129                    /home/harryb/Applications/hmrc-development-environment/hmrc/individual-losses-api/lib_managed/jars/com.github.tomakehurst/wiremock/wiremock-2.22.0.jar
7f98daab0000-7f98daab1000 r--s 00002000 fd:01 2228892                    /home/harryb/Applications/hmrc-development-environment/hmrc/individual-losses-api/lib_managed/jars/com.codeborne/phantomjsdriver/phantomjsdriver-1.4.3.jar
7f98daab1000-7f98daab4000 r--s 00015000 fd:01 2228970                    /home/harryb/Applications/hmrc-development-environment/hmrc/individual-losses-api/lib_managed/jars/javax.servlet/javax.servlet-api/javax.servlet-api-3.1.0.jar
7f98daab4000-7f98daab7000 r--s 0001d000 fd:01 2228927                    /home/harryb/Applications/hmrc-development-environment/hmrc/individual-losses-api/lib_managed/jars/org.eclipse.jetty/jetty-http/jetty-http-9.2.24.v20180105.jar
7f98daab7000-7f98daabc000 r--s 00036000 fd:01 2228999                    /home/harryb/Applications/hmrc-development-environment/hmrc/individual-losses-api/lib_managed/jars/org.eclipse.jetty/jetty-client/jetty-client-9.2.24.v20180105.jar
7f98daabc000-7f98daabd000 r--s 00001000 fd:01 2229029                    /home/harryb/Applications/hmrc-development-environment/hmrc/individual-losses-api/lib_managed/jars/org.seleniumhq.selenium/selenium-safari-driver/selenium-safari-driver-3.5.3.jar
7f98daabd000-7f98daabe000 r--s 00001000 fd:01 2228925                    /home/harryb/Applications/hmrc-development-environment/hmrc/individual-losses-api/lib_managed/jars/org.seleniumhq.selenium/selenium-opera-driver/selenium-opera-driver-3.5.3.jar
7f98daabe000-7f98daabf000 r--s 00003000 fd:01 2228985                    /home/harryb/Applications/hmrc-development-environment/hmrc/individual-losses-api/lib_managed/jars/org.seleniumhq.selenium/selenium-ie-driver/selenium-ie-driver-3.5.3.jar
7f98daabf000-7f98daac0000 r--s 00001000 fd:01 2229110                    /home/harryb/Applications/hmrc-development-environment/hmrc/individual-losses-api/lib_managed/jars/org.seleniumhq.selenium/selenium-edge-driver/selenium-edge-driver-3.5.3.jar
7f98daac0000-7f98daac1000 r--s 00002000 fd:01 2228977                    /home/harryb/Applications/hmrc-development-environment/hmrc/individual-losses-api/lib_managed/jars/org.seleniumhq.selenium/selenium-chrome-driver/selenium-chrome-driver-3.5.3.jar
7f98daac1000-7f98daac2000 r--s 00000000 fd:01 2229151                    /home/harryb/Applications/hmrc-development-environment/hmrc/individual-losses-api/lib_managed/jars/org.seleniumhq.selenium/selenium-java/selenium-java-3.5.3.jar
7f98daac2000-7f98daac6000 r--s 00034000 fd:01 2228835                    /home/harryb/Applications/hmrc-development-environment/hmrc/individual-losses-api/lib_managed/jars/org.scalatestplus.play/scalatestplus-play_2.11/scalatestplus-play_2.11-3.1.2.jar
7f98daac6000-7f98daac8000 r--s 0000c000 fd:01 2228983                    /home/harryb/Applications/hmrc-development-environment/hmrc/individual-losses-api/lib_managed/jars/org.objenesis/objenesis/objenesis-2.6.jar
7f98daac8000-7f98daaca000 r--s 00009000 fd:01 2229039                    /home/harryb/Applications/hmrc-development-environment/hmrc/individual-losses-api/lib_managed/jars/net.bytebuddy/byte-buddy-agent/byte-buddy-agent-1.9.3.jar
7f98daaca000-7f98dab10000 r--s 002d1000 fd:01 2228901                    /home/harryb/Applications/hmrc-development-environment/hmrc/individual-losses-api/lib_managed/jars/net.bytebuddy/byte-buddy/byte-buddy-1.9.3.jar
7f98dab10000-7f98dab20000 r--s 0007a000 fd:01 2229163                    /home/harryb/Applications/hmrc-development-environment/hmrc/individual-losses-api/lib_managed/jars/org.mockito/mockito-core/mockito-core-2.23.4.jar
7f98dab20000-7f98dab21000 r--s 0000a000 fd:01 2229071                    /home/harryb/Applications/hmrc-development-environment/hmrc/individual-losses-api/lib_managed/jars/org.ow2.asm/asm-util/asm-util-5.0.3.jar
7f98dab21000-7f98dab22000 r--s 00004000 fd:01 2228887                    /home/harryb/Applications/hmrc-development-environment/hmrc/individual-losses-api/lib_managed/jars/org.ow2.asm/asm-analysis/asm-analysis-5.0.3.jar
7f98dab22000-7f98dab24000 r--s 00006000 fd:01 2229090                    /home/harryb/Applications/hmrc-development-environment/hmrc/individual-losses-api/lib_managed/jars/org.ow2.asm/asm-tree/asm-tree-5.0.3.jar
7f98dab24000-7f98dab29000 r--s 00029000 fd:01 2229041                    /home/harryb/Applications/hmrc-development-environment/hmrc/individual-losses-api/lib_managed/jars/org.parboiled/parboiled-core/parboiled-core-1.1.7.jar
7f98dab29000-7f98dab2b000 r--s 00010000 fd:01 2228898                    /home/harryb/Applications/hmrc-development-environment/hmrc/individual-losses-api/lib_managed/jars/org.parboiled/parboiled-java/parboiled-java-1.1.7.jar
7f98dab2b000-7f98dab2e000 r--s 00011000 fd:01 2228953                    /home/harryb/Applications/hmrc-development-environment/hmrc/individual-losses-api/lib_managed/jars/org.pegdown/pegdown/pegdown-1.6.0.jar
7f98dab2e000-7f98dab3c000 r--s 000e0000 fd:01 2229058                    /home/harryb/Applications/hmrc-development-environment/hmrc/individual-losses-api/lib_managed/jars/org.scalamock/scalamock_2.11/scalamock_2.11-4.2.0.jar
7f98dab3c000-7f98dab46000 r--s 000ac000 fd:01 2229140                    /home/harryb/Applications/hmrc-development-environment/hmrc/individual-losses-api/lib_managed/bundles/org.scalactic/scalactic_2.11/scalactic_2.11-3.0.5.jar
7f98dab46000-7f98dabf1000 r--s 00948000 fd:01 2229206                    /home/harryb/Applications/hmrc-development-environment/hmrc/individual-losses-api/lib_managed/bundles/org.scalatest/scalatest_2.11/scalatest_2.11-3.0.5.jar
7f98dabf1000-7f98dabf3000 r--s 000c2000 fd:01 2229187                    /home/harryb/Applications/hmrc-development-environment/hmrc/individual-losses-api/lib_managed/jars/org.seleniumhq.selenium/selenium-firefox-driver/selenium-firefox-driver-3.5.3.jar
7f98dabf3000-7f98dabf5000 r--s 00009000 fd:01 2228852                    /home/harryb/Applications/hmrc-development-environment/hmrc/individual-losses-api/lib_managed/jars/org.eclipse.jetty.websocket/websocket-api/websocket-api-9.2.24.v20180105.jar
7f98dabf5000-7f98dabfa000 r--s 00028000 fd:01 2229027                    /home/harryb/Applications/hmrc-development-environment/hmrc/individual-losses-api/lib_managed/jars/org.eclipse.jetty.websocket/websocket-common/websocket-common-9.2.24.v20180105.jar
7f98dabfa000-7f98dabfd000 r--s 00018000 fd:01 2228790                    /home/harryb/Applications/hmrc-development-environment/hmrc/individual-losses-api/lib_managed/jars/org.eclipse.jetty/jetty-io/jetty-io-9.2.24.v20180105.jar
7f98dabfd000-7f98dac04000 r--s 00057000 fd:01 2229149                    /home/harryb/Applications/hmrc-development-environment/hmrc/individual-losses-api/lib_managed/jars/org.eclipse.jetty/jetty-util/jetty-util-9.2.24.v20180105.jar
7f98dac04000-7f98dac05000 r--s 00008000 fd:01 2229147                    /home/harryb/Applications/hmrc-development-environment/hmrc/individual-losses-api/lib_managed/jars/org.eclipse.jetty.websocket/websocket-client/websocket-client-9.2.24.v20180105.jar
7f98dac05000-7f98dac06000 r--s 00003000 fd:01 2229046                    /home/harryb/Applications/hmrc-development-environment/hmrc/individual-losses-api/lib_managed/jars/org.w3c.css/sac/sac-1.3.jar
7f98dac06000-7f98dac0a000 r--s 0005a000 fd:01 2228908                    /home/harryb/Applications/hmrc-development-environment/hmrc/individual-losses-api/lib_managed/jars/net.sourceforge.cssparser/cssparser/cssparser-0.9.23.jar
7f98dac0a000-7f98dac13000 r--s 0002d000 fd:01 2228967                    /home/harryb/Applications/hmrc-development-environment/hmrc/individual-losses-api/lib_managed/jars/xml-apis/xml-apis/xml-apis-1.4.01.jar
7f98dac13000-7f98dac2c000 r--s 00135000 fd:01 2228787                    /home/harryb/Applications/hmrc-development-environment/hmrc/individual-losses-api/lib_managed/jars/xerces/xercesImpl/xercesImpl-2.11.0.jar
7f98dac2c000-7f98dac2f000 r--s 0001d000 fd:01 2228972                    /home/harryb/Applications/hmrc-development-environment/hmrc/individual-losses-api/lib_managed/jars/net.sourceforge.htmlunit/neko-htmlunit/neko-htmlunit-2.27.jar
7f98dac2f000-7f98dac3d000 r--s 0011b000 fd:01 2229167                    /home/harryb/Applications/hmrc-development-environment/hmrc/individual-losses-api/lib_managed/jars/net.sourceforge.htmlunit/htmlunit-core-js/htmlunit-core-js-2.27.jar
7f98dac3d000-7f98dac3f000 r--s 00009000 fd:01 2229004                    /home/harryb/Applications/hmrc-development-environment/hmrc/individual-losses-api/lib_managed/jars/org.apache.httpcomponents/httpmime/httpmime-4.5.3.jar
7f98dac3f000-7f98dac43000 r--s 00040000 fd:01 2228861                    /home/harryb/Applications/hmrc-development-environment/hmrc/individual-losses-api/lib_managed/jars/xalan/serializer/serializer-2.7.2.jar
7f98dac43000-7f98dac68000 r--s 002de000 fd:01 2228940                    /home/harryb/Applications/hmrc-development-environment/hmrc/individual-losses-api/lib_managed/jars/xalan/xalan/xalan-2.7.2.jar
7f98dac68000-7f98dac8f000 r--s 001c3000 fd:01 2228811                    /home/harryb/Applications/hmrc-development-environment/hmrc/individual-losses-api/lib_managed/jars/net.sourceforge.htmlunit/htmlunit/htmlunit-2.27.jar
7f98dac8f000-7f98dac91000 r--s 00010000 fd:01 2229086                    /home/harryb/Applications/hmrc-development-environment/hmrc/individual-losses-api/lib_managed/jars/org.seleniumhq.selenium/htmlunit-driver/htmlunit-driver-2.27.jar
7f98dac91000-7f98dac95000 r--s 0002f000 fd:01 2229055                    /home/harryb/Applications/hmrc-development-environment/hmrc/individual-losses-api/lib_managed/jars/commons-io/commons-io/commons-io-2.5.jar
7f98dac95000-7f98dac96000 r--s 00007000 fd:01 2229083                    /home/harryb/Applications/hmrc-development-environment/hmrc/individual-losses-api/lib_managed/jars/org.atteo.classindex/classindex/classindex-3.4.jar
7f98dac96000-7f98daca7000 r--s 00155000 fd:01 2228932                    /home/harryb/Applications/hmrc-development-environment/hmrc/individual-losses-api/lib_managed/jars/net.java.dev.jna/jna-platform/jna-platform-4.1.0.jar
7f98daca7000-7f98dacab000 r--s 000dc000 fd:01 2229001                    /home/harryb/Applications/hmrc-development-environment/hmrc/individual-losses-api/lib_managed/jars/net.java.dev.jna/jna/jna-4.1.0.jar
7f98dacab000-7f98dacb0000 r--s 00034000 fd:01 2228923                    /home/harryb/Applications/hmrc-development-environment/hmrc/individual-losses-api/lib_managed/jars/com.google.code.gson/gson/gson-2.8.0.jar
7f98dacb0000-7f98dacb2000 r--s 0000e000 fd:01 2229179                    /home/harryb/Applications/hmrc-development-environment/hmrc/individual-losses-api/lib_managed/jars/commons-logging/commons-logging/commons-logging-1.2.jar
7f98dacb2000-7f98dacb4000 r--s 0000c000 fd:01 2228869                    /home/harryb/Applications/hmrc-development-environment/hmrc/individual-losses-api/lib_managed/jars/org.apache.commons/commons-exec/commons-exec-1.3.jar
7f98dacb4000-7f98dacbb000 r--s 0004f000 fd:01 2229017                    /home/harryb/Applications/hmrc-development-environment/hmrc/individual-losses-api/lib_managed/jars/cglib/cglib-nodep/cglib-nodep-3.2.4.jar
7f98dacbb000-7f98dacc1000 r--s 00049000 fd:01 2229155                    /home/harryb/Applications/hmrc-development-environment/hmrc/individual-losses-api/lib_managed/jars/org.seleniumhq.selenium/selenium-remote-driver/selenium-remote-driver-3.5.3.jar
7f98dacc1000-7f98dacc5000 r--s 00018000 fd:01 2228991                    /home/harryb/Applications/hmrc-development-environment/hmrc/individual-losses-api/lib_managed/jars/org.seleniumhq.selenium/selenium-api/selenium-api-3.5.3.jar
7f98dacc5000-7f98dacca000 r--s 00020000 fd:01 2228880                    /home/harryb/Applications/hmrc-development-environment/hmrc/individual-losses-api/lib_managed/jars/org.seleniumhq.selenium/selenium-support/selenium-support-3.5.3.jar
7f98dacca000-7f98dacd4000 r--s 00052000 fd:01 2228947                    /home/harryb/Applications/hmrc-development-environment/hmrc/individual-losses-api/lib_managed/jars/org.fluentlenium/fluentlenium-core/fluentlenium-core-3.3.0.jar
7f98dacd4000-7f98dacd6000 r--s 00003000 fd:01 2228784                    /home/harryb/Applications/hmrc-development-environment/hmrc/individual-losses-api/lib_managed/jars/com.google.code.findbugs/jsr305/jsr305-3.0.2.jar
7f98dacd6000-7f98dacd8000 r--s 00002000 fd:01 2229137                    /home/harryb/Applications/hmrc-development-environment/hmrc/individual-losses-api/lib_managed/jars/org.scala-sbt/test-interface/test-interface-1.0.jar
7f98dacd8000-7f98dacda000 r--s 00006000 fd:01 2229134                    /home/harryb/Applications/hmrc-development-environment/hmrc/individual-losses-api/lib_managed/jars/com.novocode/junit-interface/junit-interface-0.11.jar
7f98dacda000-7f98dacdc000 r--s 00009000 fd:01 2229160                    /home/harryb/Applications/hmrc-development-environment/hmrc/individual-losses-api/lib_managed/jars/org.hamcrest/hamcrest-core/hamcrest-core-1.3.jar
7f98dacdc000-7f98dace4000 r--s 00045000 fd:01 2228918                    /home/harryb/Applications/hmrc-development-environment/hmrc/individual-losses-api/lib_managed/jars/junit/junit/junit-4.12.jar
7f98dace4000-7f98dace7000 r--s 00026000 fd:01 2228997                    /home/harryb/Applications/hmrc-development-environment/hmrc/individual-losses-api/lib_managed/jars/com.typesafe.play/play-test_2.11/play-test_2.11-2.6.20.jar
7f98dace7000-7f98dad05000 r--s 002f1000 fd:01 2228950                    /home/harryb/Applications/hmrc-development-environment/hmrc/individual-losses-api/lib_managed/jars/org.typelevel/cats-kernel_2.11/cats-kernel_2.11-1.6.0.jar
7f98dad05000-7f98dad06000 r--s 00008000 fd:01 2229119                    /home/harryb/Applications/hmrc-development-environment/hmrc/individual-losses-api/lib_managed/jars/org.typelevel/machinist_2.11/machinist_2.11-0.6.6.jar
7f98dad06000-7f98dad07000 r--s 00001000 fd:01 2229169                    /home/harryb/Applications/hmrc-development-environment/hmrc/individual-losses-api/lib_managed/jars/org.typelevel/cats-macros_2.11/cats-macros_2.11-1.6.0.jar
7f98dad07000-7f98dad60000 r--s 00520000 fd:01 2228960                    /home/harryb/Applications/hmrc-development-environment/hmrc/individual-losses-api/lib_managed/jars/org.typelevel/cats-core_2.11/cats-core_2.11-1.6.0.jar
7f98dad60000-7f98dad63000 r--s 00014000 fd:01 2228766                    /home/harryb/Applications/hmrc-development-environment/hmrc/individual-losses-api/lib_managed/jars/uk.gov.hmrc/play-hmrc-api_2.11/play-hmrc-api_2.11-3.4.0-play-26.jar
7f98dad63000-7f98dad6c000 r--s 0005c000 fd:01 2229106                    /home/harryb/Applications/hmrc-development-environment/hmrc/individual-losses-api/lib_managed/jars/com.typesafe.play/play-functional_2.11/play-functional_2.11-2.6.13.jar
7f98dad6c000-7f98dad8c000 r--s 00142000 fd:01 2228804                    /home/harryb/Applications/hmrc-development-environment/hmrc/individual-losses-api/lib_managed/jars/com.typesafe.play/play-json_2.11/play-json_2.11-2.6.13.jar
7f98dad8c000-7f98dad91000 r--s 00039000 fd:01 2228934                    /home/harryb/Applications/hmrc-development-environment/hmrc/individual-losses-api/lib_managed/jars/uk.gov.hmrc/domain_2.11/domain_2.11-5.6.0-play-26.jar
7f98dad91000-7f98dad94000 r--s 00016000 fd:01 2229173                    /home/harryb/Applications/hmrc-development-environment/hmrc/individual-losses-api/lib_managed/bundles/com.fasterxml.jackson.datatype/jackson-datatype-jsr310/jackson-datatype-jsr310-2.9.7.jar
7f98dad94000-7f98dad96000 r--s 00007000 fd:01 2228948                    /home/harryb/Applications/hmrc-development-environment/hmrc/individual-losses-api/lib_managed/bundles/com.fasterxml.jackson.datatype/jackson-datatype-jdk8/jackson-datatype-jdk8-2.9.7.jar
7f98dad96000-7f98dad97000 r--s 0000b000 fd:01 2229153                    /home/harryb/Applications/hmrc-development-environment/hmrc/individual-losses-api/lib_managed/jars/uk.gov.hmrc/play-health_2.11/play-health_2.11-3.8.0-play-26.jar
7f98dad97000-7f98dad9c000 r--s 0002e000 fd:01 2228818                    /home/harryb/Applications/hmrc-development-environment/hmrc/individual-losses-api/lib_managed/jars/com.github.nscala-time/nscala-time_2.11/nscala-time_2.11-2.16.0.jar
7f98dad9c000-7f98dad9d000 r--s 00007000 fd:01 2228871                    /home/harryb/Applications/hmrc-development-environment/hmrc/individual-losses-api/lib_managed/jars/uk.gov.hmrc/time_2.11/time_2.11-3.2.0.jar
7f98dad9d000-7f98dada1000 r--s 00028000 fd:01 2228913                    /home/harryb/Applications/hmrc-development-environment/hmrc/individual-losses-api/lib_managed/jars/uk.gov.hmrc/play-auditing_2.11/play-auditing_2.11-3.13.0-play-26.jar
7f98dada1000-7f98dada2000 r--s 00003000 fd:01 2229080                    /home/harryb/Applications/hmrc-development-environment/hmrc/individual-losses-api/lib_managed/jars/uk.gov.hmrc/logback-json-logger_2.11/logback-json-logger_2.11-4.0.0.jar
7f98dada2000-7f98dada3000 r--s 00001000 fd:01 2229088                    /home/harryb/Applications/hmrc-development-environment/hmrc/individual-losses-api/lib_managed/jars/uk.gov.hmrc/http-verbs-play-25_2.11/http-verbs-play-25_2.11-1.0.0.jar
7f98dada3000-7f98dada4000 r--s 00001000 fd:01 2229035                    /home/harryb/Applications/hmrc-development-environment/hmrc/individual-losses-api/lib_managed/jars/uk.gov.hmrc/http-core_2.11/http-core_2.11-2.0.0.jar
7f98dada4000-7f98dadac000 r--s 0004c000 fd:01 2229014                    /home/harryb/Applications/hmrc-development-environment/hmrc/individual-losses-api/lib_managed/jars/uk.gov.hmrc/http-verbs_2.11/http-verbs_2.11-9.0.0-play-26.jar
7f98dadac000-7f98dae04000 r--s 003a7000 fd:01 2228864                    /home/harryb/Applications/hmrc-development-environment/hmrc/individual-losses-api/lib_managed/jars/org.bouncycastle/bcprov-jdk15on/bcprov-jdk15on-1.60.jar
7f98dae04000-7f98dae06000 r--s 00006000 fd:01 2229105                    /home/harryb/Applications/hmrc-development-environment/hmrc/individual-losses-api/lib_managed/jars/uk.gov.hmrc/secure_2.11/secure_2.11-7.4.0.jar
7f98dae06000-7f98dae08000 r--s 00013000 fd:01 2229073                    /home/harryb/Applications/hmrc-development-environment/hmrc/individual-losses-api/lib_managed/jars/uk.gov.hmrc/crypto_2.11/crypto_2.11-5.1.0.jar
7f98dae08000-7f98dae0c000 r--s 00018000 fd:01 2229198                    /home/harryb/Applications/hmrc-development-environment/hmrc/individual-losses-api/lib_managed/jars/net.ceedubs/ficus_2.11/ficus_2.11-1.1.2.jar
7f98dae0c000-7f98dae13000 r--s 00052000 fd:01 2228840                    /home/harryb/Applications/hmrc-development-environment/hmrc/individual-losses-api/lib_managed/jars/uk.gov.hmrc/auth-client_2.11/auth-client_2.11-2.11.0-play-26.jar
7f98dae13000-7f98dae17000 r--s 0001e000 fd:01 2229200                    /home/harryb/Applications/hmrc-development-environment/hmrc/individual-losses-api/lib_managed/bundles/io.dropwizard.metrics/metrics-core/metrics-core-3.2.5.jar
7f98dae17000-7f98dae19000 r--s 00004000 fd:01 2229193                    /home/harryb/Applications/hmrc-development-environment/hmrc/individual-losses-api/lib_managed/bundles/io.dropwizard.metrics/metrics-graphite/metrics-graphite-3.2.5.jar
7f98dae19000-7f98dae1b000 r--s 00009000 fd:01 2229093                    /home/harryb/Applications/hmrc-development-environment/hmrc/individual-losses-api/lib_managed/jars/com.google.inject.extensions/guice-assistedinject/guice-assistedinject-4.1.0.jar
7f98dae1b000-7f98dae1d000 r--s 00000000 fd:01 2229172                    /home/harryb/Applications/hmrc-development-environment/hmrc/individual-losses-api/lib_managed/jars/aopalliance/aopalliance/aopalliance-1.0.jar
7f98dae1d000-7f98dae2b000 r--s 00097000 fd:01 2229025                    /home/harryb/Applications/hmrc-development-environment/hmrc/individual-losses-api/lib_managed/jars/com.google.inject/guice/guice-4.1.0.jar
7f98dae2b000-7f98dae2e000 r--s 00019000 fd:01 2229037                    /home/harryb/Applications/hmrc-development-environment/hmrc/individual-losses-api/lib_managed/jars/com.typesafe.play/play-guice_2.11/play-guice_2.11-2.6.20.jar
7f98dae2e000-7f98dae30000 r--s 00000000 fd:01 2229033                    /home/harryb/Applications/hmrc-development-environment/hmrc/individual-losses-api/lib_managed/bundles/io.dropwizard.metrics/metrics-logback/metrics-logback-3.2.4.jar
7f98dae30000-7f98dae32000 r--s 00008000 fd:01 2228975                    /home/harryb/Applications/hmrc-development-environment/hmrc/individual-losses-api/lib_managed/bundles/io.dropwizard.metrics/metrics-jvm/metrics-jvm-3.2.4.jar
7f98dae32000-7f98dae33000 r--s 00003000 fd:01 2229131                    /home/harryb/Applications/hmrc-development-environment/hmrc/individual-losses-api/lib_managed/bundles/io.dropwizard.metrics/metrics-json/metrics-json-3.2.4.jar
7f98dae33000-7f98dae34000 r--s 00005000 fd:01 2228826                    /home/harryb/Applications/hmrc-development-environment/hmrc/individual-losses-api/lib_managed/jars/com.kenshoo/metrics-play_2.11/metrics-play_2.11-2.6.6_0.6.2.jar
7f98dae34000-7f98dae3f000 r--s 0006a000 fd:01 2228942                    /home/harryb/Applications/hmrc-development-environment/hmrc/individual-losses-api/lib_managed/jars/uk.gov.hmrc/bootstrap-play-26_2.11/bootstrap-play-26_2.11-0.34.0.jar
7f98dae3f000-7f98dae42000 r--s 0000a000 fd:01 2228838                    /home/harryb/Applications/hmrc-development-environment/hmrc/individual-losses-api/lib_managed/jars/javax.cache/cache-api/cache-api-1.0.0.jar
7f98dae42000-7f98dae45000 r--s 00015000 fd:01 2229043                    /home/harryb/Applications/hmrc-development-environment/hmrc/individual-losses-api/lib_managed/jars/com.typesafe.play/shaded-oauth/shaded-oauth-1.1.10.jar
7f98dae45000-7f98dae7c000 r--s 0027f000 fd:01 2229176                    /home/harryb/Applications/hmrc-development-environment/hmrc/individual-losses-api/lib_managed/jars/com.typesafe.play/shaded-asynchttpclient/shaded-asynchttpclient-1.1.10.jar
7f98dae7c000-7f98dae80000 r--s 00019000 fd:01 2229145                    /home/harryb/Applications/hmrc-development-environment/hmrc/individual-losses-api/lib_managed/jars/org.joda/joda-convert/joda-convert-1.9.2.jar
7f98dae80000-7f98dae8c000 r--s 00068000 fd:01 2228936                    /home/harryb/Applications/hmrc-development-environment/hmrc/individual-losses-api/lib_managed/bundles/org.scala-lang.modules/scala-parser-combinators_2.11/scala-parser-combinators_2.11-1.1.0.jar
7f98dae8c000-7f98dae95000 r--s 00046000 fd:01 2228958                    /home/harryb/Applications/hmrc-development-environment/hmrc/individual-losses-api/lib_managed/jars/com.typesafe.play/cachecontrol_2.11/cachecontrol_2.11-1.1.3.jar
7f98dae95000-7f98dae9c000 r--s 00055000 fd:01 2229019                    /home/harryb/Applications/hmrc-development-environment/hmrc/individual-losses-api/lib_managed/jars/com.typesafe.play/play-ahc-ws-standalone_2.11/play-ahc-ws-standalone_2.11-1.1.10.jar
7f98dae9c000-7f98dae9d000 r--s 00002000 fd:01 2228962                    /home/harryb/Applications/hmrc-development-environment/hmrc/individual-losses-api/lib_managed/jars/com.typesafe.play/play-ws-standalone-json_2.11/play-ws-standalone-json_2.11-1.1.10.jar
7f98dae9d000-7f98dae9e000 r--s 00003000 fd:01 2229123                    /home/harryb/Applications/hmrc-development-environment/hmrc/individual-losses-api/lib_managed/jars/com.typesafe.play/play-ws-standalone-xml_2.11/play-ws-standalone-xml_2.11-1.1.10.jar
7f98dae9e000-7f98daea1000 r--s 00018000 fd:01 2228806                    /home/harryb/Applications/hmrc-development-environment/hmrc/individual-losses-api/lib_managed/jars/com.typesafe.play/play-ws-standalone_2.11/play-ws-standalone_2.11-1.1.10.jar
7f98daea1000-7f98daea3000 r--s 00005000 fd:01 2229031                    /home/harryb/Applications/hmrc-development-environment/hmrc/individual-losses-api/lib_managed/jars/com.typesafe.play/play-ws_2.11/play-ws_2.11-2.6.20.jar
7f98daea3000-7f98daea5000 r--s 00014000 fd:01 2229062                    /home/harryb/Applications/hmrc-development-environment/hmrc/individual-losses-api/lib_managed/jars/com.typesafe.play/play-ahc-ws_2.11/play-ahc-ws_2.11-2.6.20.jar
7f98daea5000-7f98daeb3000 r--s 000e5000 fd:01 2228964                    /home/harryb/Applications/hmrc-development-environment/hmrc/individual-losses-api/lib_managed/jars/com.typesafe.akka/akka-parsing_2.11/akka-parsing_2.11-10.0.14.jar
7f98daeb3000-7f98daef6000 r--s 00377000 fd:01 2229142                    /home/harryb/Applications/hmrc-development-environment/hmrc/individual-losses-api/lib_managed/jars/com.typesafe.akka/akka-http-core_2.11/akka-http-core_2.11-10.0.14.jar
7f98daef6000-7f98daefa000 r--s 00023000 fd:01 2229108                    /home/harryb/Applications/hmrc-development-environment/hmrc/individual-losses-api/lib_managed/jars/com.typesafe.play/play-akka-http-server_2.11/play-akka-http-server_2.11-2.6.20.jar
7f98daefa000-7f98daf05000 r--s 00069000 fd:01 2229203                    /home/harryb/Applications/hmrc-development-environment/hmrc/individual-losses-api/lib_managed/jars/ch.qos.logback/logback-core/logback-core-1.2.3.jar
7f98daf05000-7f98daf0b000 r--s 00041000 fd:01 2228911                    /home/harryb/Applications/hmrc-development-environment/hmrc/individual-losses-api/lib_managed/jars/ch.qos.logback/logback-classic/logback-classic-1.2.3.jar
7f98daf0b000-7f98daf0c000 r--s 00004000 fd:01 2228769                    /home/harryb/Applications/hmrc-development-environment/hmrc/individual-losses-api/lib_managed/jars/com.typesafe.play/play-logback_2.11/play-logback_2.11-2.6.20.jar
7f98daf0c000-7f98daf16000 r--s 0005f000 fd:01 2228830                    /home/harryb/Applications/hmrc-development-environment/hmrc/individual-losses-api/lib_managed/jars/com.typesafe.play/filters-helpers_2.11/filters-helpers_2.11-2.6.20.jar
7f98daf16000-7f98daf17000 r--s 00000000 fd:01 2229078                    /home/harryb/Applications/hmrc-development-environment/hmrc/individual-losses-api/lib_managed/jars/javax.inject/javax.inject/javax.inject-1.jar
7f98daf17000-7f98daf18000 r--s 00003000 fd:01 2228895                    /home/harryb/Applications/hmrc-development-environment/hmrc/individual-losses-api/lib_managed/jars/javax.transaction/jta/jta-1.1.jar
7f98daf18000-7f98daf1c000 r--s 0001b000 fd:01 2229103                    /home/harryb/Applications/hmrc-development-environment/hmrc/individual-losses-api/lib_managed/jars/javax.xml.bind/jaxb-api/jaxb-api-2.3.0.jar
7f98daf1c000-7f98daf20000 r--s 00018000 fd:01 2228823                    /home/harryb/Applications/hmrc-development-environment/hmrc/individual-losses-api/lib_managed/jars/io.jsonwebtoken/jjwt/jjwt-0.7.0.jar
7f98daf20000-7f98daf21000 r--s 00000000 fd:01 2229100                    /home/harryb/Applications/hmrc-development-environment/hmrc/individual-losses-api/lib_managed/jars/org.codehaus.mojo/animal-sniffer-annotations/animal-sniffer-annotations-1.14.jar
7f98daf21000-7f98daf23000 r--s 00001000 fd:01 2228781                    /home/harryb/Applications/hmrc-development-environment/hmrc/individual-losses-api/lib_managed/jars/com.google.j2objc/j2objc-annotations/j2objc-annotations-1.1.jar
7f98daf23000-7f98daf24000 r--s 00002000 fd:01 2229097                    /home/harryb/Applications/hmrc-development-environment/hmrc/individual-losses-api/lib_managed/jars/com.google.errorprone/error_prone_annotations/error_prone_annotations-2.0.18.jar
7f98daf24000-7f98daf54000 r--s 00245000 fd:01 2228904                    /home/harryb/Applications/hmrc-development-environment/hmrc/individual-losses-api/lib_managed/bundles/com.google.guava/guava/guava-22.0.jar
7f98daf54000-7f98daf65000 r--s 0008a000 fd:01 2229065                    /home/harryb/Applications/hmrc-development-environment/hmrc/individual-losses-api/lib_managed/jars/joda-time/joda-time/joda-time-2.9.9.jar
7f98daf65000-7f98daf66000 r--s 00000000 fd:01 2228772                    /home/harryb/Applications/hmrc-development-environment/hmrc/individual-losses-api/lib_managed/jars/org.typelevel/macro-compat_2.11/macro-compat_2.11-1.1.1.jar
7f98daf66000-7f98dafb3000 r--s 0041c000 fd:01 2228987                    /home/harryb/Applications/hmrc-development-environment/hmrc/individual-losses-api/lib_managed/jars/org.scala-lang/scala-reflect/scala-reflect-2.11.12.jar
7f98dafb3000-7f98dafba000 r--s 0003f000 fd:01 2228858                    /home/harryb/Applications/hmrc-development-environment/hmrc/individual-losses-api/lib_managed/jars/commons-codec/commons-codec/commons-codec-1.10.jar
7f98dafba000-7f98dafbc000 r--s 00004000 fd:01 2228815                    /home/harryb/Applications/hmrc-development-environment/hmrc/individual-losses-api/lib_managed/jars/com.typesafe.akka/akka-slf4j_2.11/akka-slf4j_2.11-2.5.17.jar
7f98dafbc000-7f98dafc4000 r--s 00053000 fd:01 2229010                    /home/harryb/Applications/hmrc-development-environment/hmrc/individual-losses-api/lib_managed/bundles/com.typesafe/ssl-config-core_2.11/ssl-config-core_2.11-0.2.4.jar
7f98dafc4000-7f98dafcb000 r--s 00070000 fd:01 2228820                    /home/harryb/Applications/hmrc-development-environment/hmrc/individual-losses-api/lib_managed/jars/com.typesafe.akka/akka-protobuf_2.11/akka-protobuf_2.11-2.5.17.jar
7f98dafcb000-7f98dafe2000 r--s 00112000 fd:01 2228889                    /home/harryb/Applications/hmrc-development-environment/hmrc/individual-losses-api/lib_managed/bundles/org.scala-lang.modules/scala-java8-compat_2.11/scala-java8-compat_2.11-0.8.0.jar
7f98dafe2000-7f98db01a000 r--s 00382000 fd:01 2228799                    /home/harryb/Applications/hmrc-development-environment/hmrc/individual-losses-api/lib_managed/jars/com.typesafe.akka/akka-actor_2.11/akka-actor_2.11-2.5.17.jar
7f98db01a000-7f98db06c000 r--s 0045c000 fd:01 2229195                    /home/harryb/Applications/hmrc-development-environment/hmrc/individual-losses-api/lib_managed/jars/com.typesafe.akka/akka-stream_2.11/akka-stream_2.11-2.5.17.jar
7f98db06c000-7f98db0c3000 r--s 003e1000 fd:01 2229069                    /home/harryb/Applications/hmrc-development-environment/hmrc/individual-losses-api/lib_managed/jars/com.typesafe.play/play_2.11/play_2.11-2.6.20.jar
7f98db0c3000-7f98db11c000 r--s 00523000 fd:01 2228929                    /home/harryb/Applications/hmrc-development-environment/hmrc/individual-losses-api/lib_managed/jars/org.scala-lang/scala-library/scala-library-2.11.12.jar
7f98db11c000-7f98db11d000 ---p 00000000 00:00 0 
7f98db11d000-7f98db21d000 rw-p 00000000 00:00 0 
7f98db21d000-7f98db220000 ---p 00000000 00:00 0 
7f98db220000-7f98db31e000 rw-p 00000000 00:00 0 
7f98db31e000-7f98db321000 ---p 00000000 00:00 0 
7f98db321000-7f98db41f000 rw-p 00000000 00:00 0 
7f98db41f000-7f98db422000 ---p 00000000 00:00 0 
7f98db422000-7f98db520000 rw-p 00000000 00:00 0 
7f98db520000-7f98db523000 ---p 00000000 00:00 0 
7f98db523000-7f98db621000 rw-p 00000000 00:00 0 
7f98db621000-7f98db624000 ---p 00000000 00:00 0 
7f98db624000-7f98db722000 rw-p 00000000 00:00 0 
7f98db722000-7f98db725000 ---p 00000000 00:00 0 
7f98db725000-7f98db823000 rw-p 00000000 00:00 0 
7f98db823000-7f98dbafb000 r--p 00000000 fd:01 6298459                    /usr/lib/locale/locale-archive
7f98dbafb000-7f98dbafe000 ---p 00000000 00:00 0 
7f98dbafe000-7f98dbbfc000 rw-p 00000000 00:00 0 
7f98dbbfc000-7f98dbbff000 ---p 00000000 00:00 0 
7f98dbbff000-7f98dbcfd000 rw-p 00000000 00:00 0 
7f98dbcfd000-7f98dbcfe000 ---p 00000000 00:00 0 
7f98dbcfe000-7f98dc000000 rw-p 00000000 00:00 0 
7f98dc000000-7f98dc021000 rw-p 00000000 00:00 0 
7f98dc021000-7f98e0000000 ---p 00000000 00:00 0 
7f98e0000000-7f98e0005000 r--s 00041000 fd:01 2229157                    /home/harryb/Applications/hmrc-development-environment/hmrc/individual-losses-api/lib_managed/bundles/com.typesafe/config/config-1.3.3.jar
7f98e0005000-7f98e0006000 r--s 00000000 fd:01 2229022                    /home/harryb/Applications/hmrc-development-environment/hmrc/individual-losses-api/lib_managed/jars/org.reactivestreams/reactive-streams/reactive-streams-1.0.2.jar
7f98e0006000-7f98e000a000 r--s 00020000 fd:01 2228885                    /home/harryb/Applications/hmrc-development-environment/hmrc/individual-losses-api/lib_managed/jars/com.typesafe.play/play-streams_2.11/play-streams_2.11-2.6.20.jar
7f98e000a000-7f98e000c000 r--s 00003000 fd:01 2228846                    /home/harryb/Applications/hmrc-development-environment/hmrc/individual-losses-api/lib_managed/jars/org.slf4j/jcl-over-slf4j/jcl-over-slf4j-1.7.25.jar
7f98e000c000-7f98e000e000 r--s 00000000 fd:01 2228915                    /home/harryb/Applications/hmrc-development-environment/hmrc/individual-losses-api/lib_managed/jars/org.slf4j/jul-to-slf4j/jul-to-slf4j-1.7.25.jar
7f98e000e000-7f98e0010000 r--s 00009000 fd:01 2229075                    /home/harryb/Applications/hmrc-development-environment/hmrc/individual-losses-api/lib_managed/jars/org.slf4j/slf4j-api/slf4j-api-1.7.25.jar
7f98e0010000-7f98e002b000 r--s 00394000 fd:01 6294971                    /usr/lib/jvm/java-8-openjdk-amd64/jre/lib/ext/cldrdata.jar
7f98e002b000-7f98e0046000 r--s 001d6000 fd:01 6294968                    /usr/lib/jvm/java-8-openjdk-amd64/jre/lib/ext/nashorn.jar
7f98e0046000-7f98e1ad6000 rw-p 00000000 00:00 0 
7f98e1ad6000-7f98e1ca6000 r--s 03c5c000 fd:01 6294952                    /usr/lib/jvm/java-8-openjdk-amd64/jre/lib/rt.jar
7f98e1ca6000-7f98e2cde000 rw-p 00000000 00:00 0 
7f98e2cde000-7f98e2cdf000 ---p 00000000 00:00 0 
7f98e2cdf000-7f98e2ddf000 rw-p 00000000 00:00 0 
7f98e2ddf000-7f98e2de0000 ---p 00000000 00:00 0 
7f98e2de0000-7f98e2ee0000 rw-p 00000000 00:00 0 
7f98e2ee0000-7f98e2ee1000 ---p 00000000 00:00 0 
7f98e2ee1000-7f98e2fe1000 rw-p 00000000 00:00 0 
7f98e2fe1000-7f98e2fe2000 ---p 00000000 00:00 0 
7f98e2fe2000-7f98e30e2000 rw-p 00000000 00:00 0 
7f98e30e2000-7f98e30e3000 ---p 00000000 00:00 0 
7f98e30e3000-7f98e31e3000 rw-p 00000000 00:00 0 
7f98e31e3000-7f98e31e4000 ---p 00000000 00:00 0 
7f98e31e4000-7f98e32e4000 rw-p 00000000 00:00 0 
7f98e32e4000-7f98e32e5000 ---p 00000000 00:00 0 
7f98e32e5000-7f98e33e5000 rw-p 00000000 00:00 0 
7f98e33e5000-7f98e33e6000 ---p 00000000 00:00 0 
7f98e33e6000-7f98e353a000 rw-p 00000000 00:00 0 
7f98e353a000-7f98e3a12000 ---p 00000000 00:00 0 
7f98e3a12000-7f98e3a66000 rw-p 00000000 00:00 0 
7f98e3a66000-7f98e3f3e000 ---p 00000000 00:00 0 
7f98e3f3e000-7f98e3f87000 rw-p 00000000 00:00 0 
7f98e3f87000-7f98e41d4000 ---p 00000000 00:00 0 
7f98e41d4000-7f98e41ee000 rw-p 00000000 00:00 0 
7f98e41ee000-7f98e4595000 ---p 00000000 00:00 0 
7f98e4595000-7f98e4bd5000 rwxp 00000000 00:00 0 
7f98e4bd5000-7f98f3595000 ---p 00000000 00:00 0 
7f98f3595000-7f98f359d000 r-xp 00000000 fd:01 6295034                    /usr/lib/jvm/java-8-openjdk-amd64/jre/lib/amd64/libzip.so
7f98f359d000-7f98f379c000 ---p 00008000 fd:01 6295034                    /usr/lib/jvm/java-8-openjdk-amd64/jre/lib/amd64/libzip.so
7f98f379c000-7f98f379d000 r--p 00007000 fd:01 6295034                    /usr/lib/jvm/java-8-openjdk-amd64/jre/lib/amd64/libzip.so
7f98f379d000-7f98f379e000 rw-p 00008000 fd:01 6295034                    /usr/lib/jvm/java-8-openjdk-amd64/jre/lib/amd64/libzip.so
7f98f379e000-7f98f37a9000 r-xp 00000000 fd:01 11277804                   /lib/x86_64-linux-gnu/libnss_files-2.23.so
7f98f37a9000-7f98f39a8000 ---p 0000b000 fd:01 11277804                   /lib/x86_64-linux-gnu/libnss_files-2.23.so
7f98f39a8000-7f98f39a9000 r--p 0000a000 fd:01 11277804                   /lib/x86_64-linux-gnu/libnss_files-2.23.so
7f98f39a9000-7f98f39aa000 rw-p 0000b000 fd:01 11277804                   /lib/x86_64-linux-gnu/libnss_files-2.23.so
7f98f39aa000-7f98f39b0000 rw-p 00000000 00:00 0 
7f98f39b0000-7f98f39bb000 r-xp 00000000 fd:01 11277797                   /lib/x86_64-linux-gnu/libnss_nis-2.23.so
7f98f39bb000-7f98f3bba000 ---p 0000b000 fd:01 11277797                   /lib/x86_64-linux-gnu/libnss_nis-2.23.so
7f98f3bba000-7f98f3bbb000 r--p 0000a000 fd:01 11277797                   /lib/x86_64-linux-gnu/libnss_nis-2.23.so
7f98f3bbb000-7f98f3bbc000 rw-p 0000b000 fd:01 11277797                   /lib/x86_64-linux-gnu/libnss_nis-2.23.so
7f98f3bbc000-7f98f3bd2000 r-xp 00000000 fd:01 11277802                   /lib/x86_64-linux-gnu/libnsl-2.23.so
7f98f3bd2000-7f98f3dd1000 ---p 00016000 fd:01 11277802                   /lib/x86_64-linux-gnu/libnsl-2.23.so
7f98f3dd1000-7f98f3dd2000 r--p 00015000 fd:01 11277802                   /lib/x86_64-linux-gnu/libnsl-2.23.so
7f98f3dd2000-7f98f3dd3000 rw-p 00016000 fd:01 11277802                   /lib/x86_64-linux-gnu/libnsl-2.23.so
7f98f3dd3000-7f98f3dd5000 rw-p 00000000 00:00 0 
7f98f3dd5000-7f98f3dfe000 r-xp 00000000 fd:01 6294991                    /usr/lib/jvm/java-8-openjdk-amd64/jre/lib/amd64/libjava.so
7f98f3dfe000-7f98f3ffd000 ---p 00029000 fd:01 6294991                    /usr/lib/jvm/java-8-openjdk-amd64/jre/lib/amd64/libjava.so
7f98f3ffd000-7f98f3ffe000 r--p 00028000 fd:01 6294991                    /usr/lib/jvm/java-8-openjdk-amd64/jre/lib/amd64/libjava.so
7f98f3ffe000-7f98f4000000 rw-p 00029000 fd:01 6294991                    /usr/lib/jvm/java-8-openjdk-amd64/jre/lib/amd64/libjava.so
7f98f4000000-7f98f505c000 rw-p 00000000 00:00 0 
7f98f505c000-7f98f8000000 ---p 00000000 00:00 0 
7f98f8000000-7f98f8002000 r--s 00000000 fd:01 2229165                    /home/harryb/Applications/hmrc-development-environment/hmrc/individual-losses-api/lib_managed/jars/com.typesafe.play/play-exceptions/play-exceptions-2.6.20.jar
7f98f8002000-7f98f8009000 r--s 00045000 fd:01 2228808                    /home/harryb/Applications/hmrc-development-environment/hmrc/individual-losses-api/lib_managed/jars/com.typesafe.play/play-server_2.11/play-server_2.11-2.6.20.jar
7f98f8009000-7f98f8013000 r--s 0009a000 fd:01 2228938                    /home/harryb/Applications/hmrc-development-environment/hmrc/individual-losses-api/lib_managed/bundles/org.scala-lang.modules/scala-xml_2.11/scala-xml_2.11-1.0.6.jar
7f98f8013000-7f98f801b000 r-xp 00000000 fd:01 11277808                   /lib/x86_64-linux-gnu/libnss_compat-2.23.so
7f98f801b000-7f98f821a000 ---p 00008000 fd:01 11277808                   /lib/x86_64-linux-gnu/libnss_compat-2.23.so
7f98f821a000-7f98f821b000 r--p 00007000 fd:01 11277808                   /lib/x86_64-linux-gnu/libnss_compat-2.23.so
7f98f821b000-7f98f821c000 rw-p 00008000 fd:01 11277808                   /lib/x86_64-linux-gnu/libnss_compat-2.23.so
7f98f821c000-7f98f822b000 r-xp 00000000 fd:01 6295098                    /usr/lib/jvm/java-8-openjdk-amd64/jre/lib/amd64/libverify.so
7f98f822b000-7f98f842a000 ---p 0000f000 fd:01 6295098                    /usr/lib/jvm/java-8-openjdk-amd64/jre/lib/amd64/libverify.so
7f98f842a000-7f98f842c000 r--p 0000e000 fd:01 6295098                    /usr/lib/jvm/java-8-openjdk-amd64/jre/lib/amd64/libverify.so
7f98f842c000-7f98f842d000 rw-p 00010000 fd:01 6295098                    /usr/lib/jvm/java-8-openjdk-amd64/jre/lib/amd64/libverify.so
7f98f842d000-7f98f8434000 r-xp 00000000 fd:01 11276756                   /lib/x86_64-linux-gnu/librt-2.23.so
7f98f8434000-7f98f8633000 ---p 00007000 fd:01 11276756                   /lib/x86_64-linux-gnu/librt-2.23.so
7f98f8633000-7f98f8634000 r--p 00006000 fd:01 11276756                   /lib/x86_64-linux-gnu/librt-2.23.so
7f98f8634000-7f98f8635000 rw-p 00007000 fd:01 11276756                   /lib/x86_64-linux-gnu/librt-2.23.so
7f98f8635000-7f98f864b000 r-xp 00000000 fd:01 11276896                   /lib/x86_64-linux-gnu/libgcc_s.so.1
7f98f864b000-7f98f884a000 ---p 00016000 fd:01 11276896                   /lib/x86_64-linux-gnu/libgcc_s.so.1
7f98f884a000-7f98f884b000 rw-p 00015000 fd:01 11276896                   /lib/x86_64-linux-gnu/libgcc_s.so.1
7f98f884b000-7f98f8953000 r-xp 00000000 fd:01 11277810                   /lib/x86_64-linux-gnu/libm-2.23.so
7f98f8953000-7f98f8b52000 ---p 00108000 fd:01 11277810                   /lib/x86_64-linux-gnu/libm-2.23.so
7f98f8b52000-7f98f8b53000 r--p 00107000 fd:01 11277810                   /lib/x86_64-linux-gnu/libm-2.23.so
7f98f8b53000-7f98f8b54000 rw-p 00108000 fd:01 11277810                   /lib/x86_64-linux-gnu/libm-2.23.so
7f98f8b54000-7f98f8cc6000 r-xp 00000000 fd:01 6291644                    /usr/lib/x86_64-linux-gnu/libstdc++.so.6.0.21
7f98f8cc6000-7f98f8ec6000 ---p 00172000 fd:01 6291644                    /usr/lib/x86_64-linux-gnu/libstdc++.so.6.0.21
7f98f8ec6000-7f98f8ed0000 r--p 00172000 fd:01 6291644                    /usr/lib/x86_64-linux-gnu/libstdc++.so.6.0.21
7f98f8ed0000-7f98f8ed2000 rw-p 0017c000 fd:01 6291644                    /usr/lib/x86_64-linux-gnu/libstdc++.so.6.0.21
7f98f8ed2000-7f98f8ed6000 rw-p 00000000 00:00 0 
7f98f8ed6000-7f98f9b3a000 r-xp 00000000 fd:01 6295108                    /usr/lib/jvm/java-8-openjdk-amd64/jre/lib/amd64/server/libjvm.so
7f98f9b3a000-7f98f9d39000 ---p 00c64000 fd:01 6295108                    /usr/lib/jvm/java-8-openjdk-amd64/jre/lib/amd64/server/libjvm.so
7f98f9d39000-7f98f9dcd000 r--p 00c63000 fd:01 6295108                    /usr/lib/jvm/java-8-openjdk-amd64/jre/lib/amd64/server/libjvm.so
7f98f9dcd000-7f98f9df6000 rw-p 00cf7000 fd:01 6295108                    /usr/lib/jvm/java-8-openjdk-amd64/jre/lib/amd64/server/libjvm.so
7f98f9df6000-7f98f9e26000 rw-p 00000000 00:00 0 
7f98f9e26000-7f98f9e3e000 r-xp 00000000 fd:01 11277794                   /lib/x86_64-linux-gnu/libpthread-2.23.so
7f98f9e3e000-7f98fa03d000 ---p 00018000 fd:01 11277794                   /lib/x86_64-linux-gnu/libpthread-2.23.so
7f98fa03d000-7f98fa03e000 r--p 00017000 fd:01 11277794                   /lib/x86_64-linux-gnu/libpthread-2.23.so
7f98fa03e000-7f98fa03f000 rw-p 00018000 fd:01 11277794                   /lib/x86_64-linux-gnu/libpthread-2.23.so
7f98fa03f000-7f98fa043000 rw-p 00000000 00:00 0 
7f98fa043000-7f98fa046000 r-xp 00000000 fd:01 11276979                   /lib/x86_64-linux-gnu/libdl-2.23.so
7f98fa046000-7f98fa245000 ---p 00003000 fd:01 11276979                   /lib/x86_64-linux-gnu/libdl-2.23.so
7f98fa245000-7f98fa246000 r--p 00002000 fd:01 11276979                   /lib/x86_64-linux-gnu/libdl-2.23.so
7f98fa246000-7f98fa247000 rw-p 00003000 fd:01 11276979                   /lib/x86_64-linux-gnu/libdl-2.23.so
7f98fa247000-7f98fa260000 r-xp 00000000 fd:01 11277049                   /lib/x86_64-linux-gnu/libz.so.1.2.8
7f98fa260000-7f98fa45f000 ---p 00019000 fd:01 11277049                   /lib/x86_64-linux-gnu/libz.so.1.2.8
7f98fa45f000-7f98fa460000 r--p 00018000 fd:01 11277049                   /lib/x86_64-linux-gnu/libz.so.1.2.8
7f98fa460000-7f98fa461000 rw-p 00019000 fd:01 11277049                   /lib/x86_64-linux-gnu/libz.so.1.2.8
7f98fa461000-7f98fa621000 r-xp 00000000 fd:01 11277807                   /lib/x86_64-linux-gnu/libc-2.23.so
7f98fa621000-7f98fa821000 ---p 001c0000 fd:01 11277807                   /lib/x86_64-linux-gnu/libc-2.23.so
7f98fa821000-7f98fa825000 r--p 001c0000 fd:01 11277807                   /lib/x86_64-linux-gnu/libc-2.23.so
7f98fa825000-7f98fa827000 rw-p 001c4000 fd:01 11277807                   /lib/x86_64-linux-gnu/libc-2.23.so
7f98fa827000-7f98fa82b000 rw-p 00000000 00:00 0 
7f98fa82b000-7f98fa838000 r-xp 00000000 fd:01 6295000                    /usr/lib/jvm/java-8-openjdk-amd64/jre/lib/amd64/jli/libjli.so
7f98fa838000-7f98faa37000 ---p 0000d000 fd:01 6295000                    /usr/lib/jvm/java-8-openjdk-amd64/jre/lib/amd64/jli/libjli.so
7f98faa37000-7f98faa38000 r--p 0000c000 fd:01 6295000                    /usr/lib/jvm/java-8-openjdk-amd64/jre/lib/amd64/jli/libjli.so
7f98faa38000-7f98faa39000 rw-p 0000d000 fd:01 6295000                    /usr/lib/jvm/java-8-openjdk-amd64/jre/lib/amd64/jli/libjli.so
7f98faa39000-7f98faa5f000 r-xp 00000000 fd:01 11276980                   /lib/x86_64-linux-gnu/ld-2.23.so
7f98faa5f000-7f98faa60000 r--s 00004000 fd:01 2228993                    /home/harryb/Applications/hmrc-development-environment/hmrc/individual-losses-api/lib_managed/jars/com.typesafe.play/play-netty-utils/play-netty-utils-2.6.20.jar
7f98faa60000-7f98faa61000 r--s 00000000 fd:01 2228813                    /home/harryb/Applications/hmrc-development-environment/hmrc/individual-losses-api/lib_managed/jars/com.typesafe.play/build-link/build-link-2.6.20.jar
7f98faa61000-7f98faa63000 r--s 00011000 fd:01 2228828                    /home/harryb/Applications/hmrc-development-environment/hmrc/individual-losses-api/lib_managed/jars/com.typesafe.play/twirl-api_2.11/twirl-api_2.11-1.3.15.jar
7f98faa63000-7f98faa65000 r--s 00001000 fd:01 6294972                    /usr/lib/jvm/java-8-openjdk-amd64/jre/lib/ext/dnsns.jar
7f98faa65000-7f98faa66000 r--s 0000d000 fd:01 6294966                    /usr/lib/jvm/java-8-openjdk-amd64/jre/lib/ext/sunec.jar
7f98faa66000-7f98faa67000 r--s 0000a000 fd:01 6294969                    /usr/lib/jvm/java-8-openjdk-amd64/jre/lib/ext/jaccess.jar
7f98faa67000-7f98faa68000 r--s 00010000 fd:01 6294974                    /usr/lib/jvm/java-8-openjdk-amd64/jre/lib/ext/zipfs.jar
7f98faa68000-7f98faa6b000 r--s 00039000 fd:01 6294970                    /usr/lib/jvm/java-8-openjdk-amd64/jre/lib/ext/sunpkcs11.jar
7f98faa6b000-7f98faa70000 r--s 0003c000 fd:01 6294973                    /usr/lib/jvm/java-8-openjdk-amd64/jre/lib/ext/sunjce_provider.jar
7f98faa70000-7f98fab41000 rw-p 00000000 00:00 0 
7f98fab41000-7f98fab44000 ---p 00000000 00:00 0 
7f98fab44000-7f98fac46000 rw-p 00000000 00:00 0 
7f98fac46000-7f98fac50000 r--s 00116000 fd:01 6294975                    /usr/lib/jvm/java-8-openjdk-amd64/jre/lib/ext/localedata.jar
7f98fac50000-7f98fac53000 r--s 0000f000 fd:01 6294967                    /usr/lib/jvm/java-8-openjdk-amd64/jre/lib/ext/icedtea-sound.jar
7f98fac53000-7f98fac5b000 rw-s 00000000 fd:01 28575175                   /tmp/hsperfdata_harryb/4318
7f98fac5b000-7f98fac5c000 rw-p 00000000 00:00 0 
7f98fac5c000-7f98fac5d000 ---p 00000000 00:00 0 
7f98fac5d000-7f98fac5e000 rw-p 00000000 00:00 0 
7f98fac5e000-7f98fac5f000 r--p 00025000 fd:01 11276980                   /lib/x86_64-linux-gnu/ld-2.23.so
7f98fac5f000-7f98fac60000 rw-p 00026000 fd:01 11276980                   /lib/x86_64-linux-gnu/ld-2.23.so
7f98fac60000-7f98fac61000 rw-p 00000000 00:00 0 
7ffee4fe1000-7ffee5009000 rw-p 00000000 00:00 0                          [stack]
7ffee50fa000-7ffee50fd000 r--p 00000000 00:00 0                          [vvar]
7ffee50fd000-7ffee50ff000 r-xp 00000000 00:00 0                          [vdso]
ffffffffff600000-ffffffffff601000 r-xp 00000000 00:00 0                  [vsyscall]

VM Arguments:
jvm_args: -Dtest.name=v1.services.ListLossClaimsServiceSpec -Dlogger.resource=logback-test.xml 
java_command: sbt.ForkMain 43911
java_class_path (initial): /home/harryb/Applications/hmrc-development-environment/hmrc/individual-losses-api/target/scala-2.11/it-classes:/home/harryb/Applications/hmrc-development-environment/hmrc/individual-losses-api/target/scala-2.11/classes:/home/harryb/Applications/hmrc-development-environment/hmrc/individual-losses-api/target/web/classes/main:/home/harryb/Applications/hmrc-development-environment/hmrc/individual-losses-api/lib_managed/jars/org.scala-lang/scala-library/scala-library-2.11.12.jar:/home/harryb/Applications/hmrc-development-environment/hmrc/individual-losses-api/lib_managed/jars/com.typesafe.play/twirl-api_2.11/twirl-api_2.11-1.3.15.jar:/home/harryb/Applications/hmrc-development-environment/hmrc/individual-losses-api/lib_managed/bundles/org.scala-lang.modules/scala-xml_2.11/scala-xml_2.11-1.0.6.jar:/home/harryb/Applications/hmrc-development-environment/hmrc/individual-losses-api/lib_managed/jars/com.typesafe.play/play-server_2.11/play-server_2.11-2.6.20.jar:/home/harryb/Applications/hmrc-development-environment/hmrc/individual-losses-api/lib_managed/jars/com.typesafe.play/play_2.11/play_2.11-2.6.20.jar:/home/harryb/Applications/hmrc-development-environment/hmrc/individual-losses-api/lib_managed/jars/com.typesafe.play/build-link/build-link-2.6.20.jar:/home/harryb/Applications/hmrc-development-environment/hmrc/individual-losses-api/lib_managed/jars/com.typesafe.play/play-exceptions/play-exceptions-2.6.20.jar:/home/harryb/Applications/hmrc-development-environment/hmrc/individual-losses-api/lib_managed/jars/com.typesafe.play/play-netty-utils/play-netty-utils-2.6.20.jar:/home/harryb/Applications/hmrc-development-environment/hmrc/individual-losses-api/lib_managed/jars/org.slf4j/slf4j-api/slf4j-api-1.7.25.jar:/home/harryb/Applications/hmrc-development-environment/hmrc/individual-losses-api/lib_managed/jars/org.slf4j/jul-to-slf4j/jul-to-slf4j-1.7.25.jar:/home/harryb/Applications/hmrc-development-environment/hmrc/individual-losses-api/lib_managed/jars/or
Launcher Type: SUN_STANDARD

Environment Variables:
JAVA_HOME=/usr/lib/jvm/java-1.8.0-openjdk-amd64
PATH=/home/harryb/bin:/home/harryb/.local/bin:/usr/local/sbin:/usr/local/bin:/usr/sbin:/usr/bin:/sbin:/bin:/usr/games:/usr/local/games:/snap/bin
SHELL=/bin/bash
DISPLAY=:0

Signal Handlers:
SIGSEGV: [libjvm.so+0xa783e0], sa_mask[0]=11111111011111111101111111111110, sa_flags=SA_RESTART|SA_SIGINFO
SIGBUS: [libjvm.so+0xa783e0], sa_mask[0]=11111111011111111101111111111110, sa_flags=SA_RESTART|SA_SIGINFO
SIGFPE: [libjvm.so+0x8c0e10], sa_mask[0]=11111111011111111101111111111110, sa_flags=SA_RESTART|SA_SIGINFO
SIGPIPE: [libjvm.so+0x8c0e10], sa_mask[0]=11111111011111111101111111111110, sa_flags=SA_RESTART|SA_SIGINFO
SIGXFSZ: [libjvm.so+0x8c0e10], sa_mask[0]=11111111011111111101111111111110, sa_flags=SA_RESTART|SA_SIGINFO
SIGILL: [libjvm.so+0x8c0e10], sa_mask[0]=11111111011111111101111111111110, sa_flags=SA_RESTART|SA_SIGINFO
SIGUSR1: SIG_DFL, sa_mask[0]=00000000000000000000000000000000, sa_flags=none
SIGUSR2: [libjvm.so+0x8c0cc0], sa_mask[0]=00100000000000000000000000000000, sa_flags=SA_RESTART|SA_SIGINFO
SIGHUP: [libjvm.so+0x8c1350], sa_mask[0]=11111111011111111101111111111110, sa_flags=SA_RESTART|SA_SIGINFO
SIGINT: [libjvm.so+0x8c1350], sa_mask[0]=11111111011111111101111111111110, sa_flags=SA_RESTART|SA_SIGINFO
SIGTERM: [libjvm.so+0x8c1350], sa_mask[0]=11111111011111111101111111111110, sa_flags=SA_RESTART|SA_SIGINFO
SIGQUIT: [libjvm.so+0x8c1350], sa_mask[0]=11111111011111111101111111111110, sa_flags=SA_RESTART|SA_SIGINFO


---------------  S Y S T E M  ---------------

OS:DISTRIB_ID=Ubuntu
DISTRIB_RELEASE=16.04
DISTRIB_CODENAME=xenial
DISTRIB_DESCRIPTION="Ubuntu 16.04.6 LTS"

uname:Linux 4.15.0-62-generic #69~16.04.1-Ubuntu SMP Fri Sep 6 02:43:35 UTC 2019 x86_64
libc:glibc 2.23 NPTL 2.23 
rlimit: STACK 8192k, CORE 0k, NPROC 62979, NOFILE 1048576, AS infinity
load average:39.20 14.06 5.85

/proc/meminfo:
MemTotal:       16267952 kB
MemFree:          144572 kB
MemAvailable:      29384 kB
Buffers:             908 kB
Cached:          1745700 kB
SwapCached:         3592 kB
Active:         14308204 kB
Inactive:        1380096 kB
Active(anon):   14287500 kB
Inactive(anon):  1355340 kB
Active(file):      20704 kB
Inactive(file):    24756 kB
Unevictable:         112 kB
Mlocked:             112 kB
SwapTotal:       1003516 kB
SwapFree:              0 kB
Dirty:               128 kB
Writeback:            16 kB
AnonPages:      13941496 kB
Mapped:           675740 kB
Shmem:           1700136 kB
Slab:             177108 kB
SReclaimable:      78684 kB
SUnreclaim:        98424 kB
KernelStack:       33120 kB
PageTables:       106548 kB
NFS_Unstable:          0 kB
Bounce:                0 kB
WritebackTmp:          0 kB
CommitLimit:     9137492 kB
Committed_AS:   29668712 kB
VmallocTotal:   34359738367 kB
VmallocUsed:           0 kB
VmallocChunk:          0 kB
HardwareCorrupted:     0 kB
AnonHugePages:         0 kB
ShmemHugePages:        0 kB
ShmemPmdMapped:        0 kB
CmaTotal:              0 kB
CmaFree:               0 kB
HugePages_Total:       0
HugePages_Free:        0
HugePages_Rsvd:        0
HugePages_Surp:        0
Hugepagesize:       2048 kB
DirectMap4k:      532776 kB
DirectMap2M:    15038464 kB
DirectMap1G:     3145728 kB

container (cgroup) information:
container_type: cgroupv1
cpu_cpuset_cpus: 0-7
cpu_memory_nodes: 0
active_processor_count: 8
cpu_quota: -1
cpu_period: 100000
cpu_shares: -1
memory_limit_in_bytes: -1
memory_and_swap_limit_in_bytes: -2
memory_soft_limit_in_bytes: -1
memory_usage_in_bytes: 16063627264
memory_max_usage_in_bytes: 22925312


CPU:total 8 (initial active 8) (4 cores per cpu, 2 threads per core) family 6 model 94 stepping 3, cmov, cx8, fxsr, mmx, sse, sse2, sse3, ssse3, sse4.1, sse4.2, popcnt, avx, avx2, aes, clmul, erms, rtm, 3dnowpref, lzcnt, ht, tsc, tscinvbit, bmi1, bmi2, adx

/proc/cpuinfo:
processor	: 0
vendor_id	: GenuineIntel
cpu family	: 6
model		: 94
model name	: Intel(R) Core(TM) i7-6700HQ CPU @ 2.60GHz
stepping	: 3
microcode	: 0xcc
cpu MHz		: 2962.952
cache size	: 6144 KB
physical id	: 0
siblings	: 8
core id		: 0
cpu cores	: 4
apicid		: 0
initial apicid	: 0
fpu		: yes
fpu_exception	: yes
cpuid level	: 22
wp		: yes
flags		: fpu vme de pse tsc msr pae mce cx8 apic sep mtrr pge mca cmov pat pse36 clflush dts acpi mmx fxsr sse sse2 ss ht tm pbe syscall nx pdpe1gb rdtscp lm constant_tsc art arch_perfmon pebs bts rep_good nopl xtopology nonstop_tsc cpuid aperfmperf tsc_known_freq pni pclmulqdq dtes64 monitor ds_cpl vmx est tm2 ssse3 sdbg fma cx16 xtpr pdcm pcid sse4_1 sse4_2 x2apic movbe popcnt tsc_deadline_timer aes xsave avx f16c rdrand lahf_lm abm 3dnowprefetch cpuid_fault epb invpcid_single pti ssbd ibrs ibpb stibp tpr_shadow vnmi flexpriority ept vpid fsgsbase tsc_adjust bmi1 hle avx2 smep bmi2 erms invpcid rtm mpx rdseed adx smap clflushopt intel_pt xsaveopt xsavec xgetbv1 xsaves dtherm ida arat pln pts hwp hwp_notify hwp_act_window hwp_epp md_clear flush_l1d
bugs		: cpu_meltdown spectre_v1 spectre_v2 spec_store_bypass l1tf mds swapgs
bogomips	: 5184.00
clflush size	: 64
cache_alignment	: 64
address sizes	: 39 bits physical, 48 bits virtual
power management:

processor	: 1
vendor_id	: GenuineIntel
cpu family	: 6
model		: 94
model name	: Intel(R) Core(TM) i7-6700HQ CPU @ 2.60GHz
stepping	: 3
microcode	: 0xcc
cpu MHz		: 2966.093
cache size	: 6144 KB
physical id	: 0
siblings	: 8
core id		: 1
cpu cores	: 4
apicid		: 2
initial apicid	: 2
fpu		: yes
fpu_exception	: yes
cpuid level	: 22
wp		: yes
flags		: fpu vme de pse tsc msr pae mce cx8 apic sep mtrr pge mca cmov pat pse36 clflush dts acpi mmx fxsr sse sse2 ss ht tm pbe syscall nx pdpe1gb rdtscp lm constant_tsc art arch_perfmon pebs bts rep_good nopl xtopology nonstop_tsc cpuid aperfmperf tsc_known_freq pni pclmulqdq dtes64 monitor ds_cpl vmx est tm2 ssse3 sdbg fma cx16 xtpr pdcm pcid sse4_1 sse4_2 x2apic movbe popcnt tsc_deadline_timer aes xsave avx f16c rdrand lahf_lm abm 3dnowprefetch cpuid_fault epb invpcid_single pti ssbd ibrs ibpb stibp tpr_shadow vnmi flexpriority ept vpid fsgsbase tsc_adjust bmi1 hle avx2 smep bmi2 erms invpcid rtm mpx rdseed adx smap clflushopt intel_pt xsaveopt xsavec xgetbv1 xsaves dtherm ida arat pln pts hwp hwp_notify hwp_act_window hwp_epp md_clear flush_l1d
bugs		: cpu_meltdown spectre_v1 spectre_v2 spec_store_bypass l1tf mds swapgs
bogomips	: 5184.00
clflush size	: 64
cache_alignment	: 64
address sizes	: 39 bits physical, 48 bits virtual
power management:

processor	: 2
vendor_id	: GenuineIntel
cpu family	: 6
model		: 94
model name	: Intel(R) Core(TM) i7-6700HQ CPU @ 2.60GHz
stepping	: 3
microcode	: 0xcc
cpu MHz		: 2964.427
cache size	: 6144 KB
physical id	: 0
siblings	: 8
core id		: 2
cpu cores	: 4
apicid		: 4
initial apicid	: 4
fpu		: yes
fpu_exception	: yes
cpuid level	: 22
wp		: yes
flags		: fpu vme de pse tsc msr pae mce cx8 apic sep mtrr pge mca cmov pat pse36 clflush dts acpi mmx fxsr sse sse2 ss ht tm pbe syscall nx pdpe1gb rdtscp lm constant_tsc art arch_perfmon pebs bts rep_good nopl xtopology nonstop_tsc cpuid aperfmperf tsc_known_freq pni pclmulqdq dtes64 monitor ds_cpl vmx est tm2 ssse3 sdbg fma cx16 xtpr pdcm pcid sse4_1 sse4_2 x2apic movbe popcnt tsc_deadline_timer aes xsave avx f16c rdrand lahf_lm abm 3dnowprefetch cpuid_fault epb invpcid_single pti ssbd ibrs ibpb stibp tpr_shadow vnmi flexpriority ept vpid fsgsbase tsc_adjust bmi1 hle avx2 smep bmi2 erms invpcid rtm mpx rdseed adx smap clflushopt intel_pt xsaveopt xsavec xgetbv1 xsaves dtherm ida arat pln pts hwp hwp_notify hwp_act_window hwp_epp md_clear flush_l1d
bugs		: cpu_meltdown spectre_v1 spectre_v2 spec_store_bypass l1tf mds swapgs
bogomips	: 5184.00
clflush size	: 64
cache_alignment	: 64
address sizes	: 39 bits physical, 48 bits virtual
power management:

processor	: 3
vendor_id	: GenuineIntel
cpu family	: 6
model		: 94
model name	: Intel(R) Core(TM) i7-6700HQ CPU @ 2.60GHz
stepping	: 3
microcode	: 0xcc
cpu MHz		: 2967.922
cache size	: 6144 KB
physical id	: 0
siblings	: 8
core id		: 3
cpu cores	: 4
apicid		: 6
initial apicid	: 6
fpu		: yes
fpu_exception	: yes
cpuid level	: 22
wp		: yes
flags		: fpu vme de pse tsc msr pae mce cx8 apic sep mtrr pge mca cmov pat pse36 clflush dts acpi mmx fxsr sse sse2 ss ht tm pbe syscall nx pdpe1gb rdtscp lm constant_tsc art arch_perfmon pebs bts rep_good nopl xtopology nonstop_tsc cpuid aperfmperf tsc_known_freq pni pclmulqdq dtes64 monitor ds_cpl vmx est tm2 ssse3 sdbg fma cx16 xtpr pdcm pcid sse4_1 sse4_2 x2apic movbe popcnt tsc_deadline_timer aes xsave avx f16c rdrand lahf_lm abm 3dnowprefetch cpuid_fault epb invpcid_single pti ssbd ibrs ibpb stibp tpr_shadow vnmi flexpriority ept vpid fsgsbase tsc_adjust bmi1 hle avx2 smep bmi2 erms invpcid rtm mpx rdseed adx smap clflushopt intel_pt xsaveopt xsavec xgetbv1 xsaves dtherm ida arat pln pts hwp hwp_notify hwp_act_window hwp_epp md_clear flush_l1d
bugs		: cpu_meltdown spectre_v1 spectre_v2 spec_store_bypass l1tf mds swapgs
bogomips	: 5184.00
clflush size	: 64
cache_alignment	: 64
address sizes	: 39 bits physical, 48 bits virtual
power management:

processor	: 4
vendor_id	: GenuineIntel
cpu family	: 6
model		: 94
model name	: Intel(R) Core(TM) i7-6700HQ CPU @ 2.60GHz
stepping	: 3
microcode	: 0xcc
cpu MHz		: 2969.913
cache size	: 6144 KB
physical id	: 0
siblings	: 8
core id		: 0
cpu cores	: 4
apicid		: 1
initial apicid	: 1
fpu		: yes
fpu_exception	: yes
cpuid level	: 22
wp		: yes
flags		: fpu vme de pse tsc msr pae mce cx8 apic sep mtrr pge mca cmov pat pse36 clflush dts acpi mmx fxsr sse sse2 ss ht tm pbe syscall nx pdpe1gb rdtscp lm constant_tsc art arch_perfmon pebs bts rep_good nopl xtopology nonstop_tsc cpuid aperfmperf tsc_known_freq pni pclmulqdq dtes64 monitor ds_cpl vmx est tm2 ssse3 sdbg fma cx16 xtpr pdcm pcid sse4_1 sse4_2 x2apic movbe popcnt tsc_deadline_timer aes xsave avx f16c rdrand lahf_lm abm 3dnowprefetch cpuid_fault epb invpcid_single pti ssbd ibrs ibpb stibp tpr_shadow vnmi flexpriority ept vpid fsgsbase tsc_adjust bmi1 hle avx2 smep bmi2 erms invpcid rtm mpx rdseed adx smap clflushopt intel_pt xsaveopt xsavec xgetbv1 xsaves dtherm ida arat pln pts hwp hwp_notify hwp_act_window hwp_epp md_clear flush_l1d
bugs		: cpu_meltdown spectre_v1 spectre_v2 spec_store_bypass l1tf mds swapgs
bogomips	: 5184.00
clflush size	: 64
cache_alignment	: 64
address sizes	: 39 bits physical, 48 bits virtual
power management:

processor	: 5
vendor_id	: GenuineIntel
cpu family	: 6
model		: 94
model name	: Intel(R) Core(TM) i7-6700HQ CPU @ 2.60GHz
stepping	: 3
microcode	: 0xcc
cpu MHz		: 2967.959
cache size	: 6144 KB
physical id	: 0
siblings	: 8
core id		: 1
cpu cores	: 4
apicid		: 3
initial apicid	: 3
fpu		: yes
fpu_exception	: yes
cpuid level	: 22
wp		: yes
flags		: fpu vme de pse tsc msr pae mce cx8 apic sep mtrr pge mca cmov pat pse36 clflush dts acpi mmx fxsr sse sse2 ss ht tm pbe syscall nx pdpe1gb rdtscp lm constant_tsc art arch_perfmon pebs bts rep_good nopl xtopology nonstop_tsc cpuid aperfmperf tsc_known_freq pni pclmulqdq dtes64 monitor ds_cpl vmx est tm2 ssse3 sdbg fma cx16 xtpr pdcm pcid sse4_1 sse4_2 x2apic movbe popcnt tsc_deadline_timer aes xsave avx f16c rdrand lahf_lm abm 3dnowprefetch cpuid_fault epb invpcid_single pti ssbd ibrs ibpb stibp tpr_shadow vnmi flexpriority ept vpid fsgsbase tsc_adjust bmi1 hle avx2 smep bmi2 erms invpcid rtm mpx rdseed adx smap clflushopt intel_pt xsaveopt xsavec xgetbv1 xsaves dtherm ida arat pln pts hwp hwp_notify hwp_act_window hwp_epp md_clear flush_l1d
bugs		: cpu_meltdown spectre_v1 spectre_v2 spec_store_bypass l1tf mds swapgs
bogomips	: 5184.00
clflush size	: 64
cache_alignment	: 64
address sizes	: 39 bits physical, 48 bits virtual
power management:

processor	: 6
vendor_id	: GenuineIntel
cpu family	: 6
model		: 94
model name	: Intel(R) Core(TM) i7-6700HQ CPU @ 2.60GHz
stepping	: 3
microcode	: 0xcc
cpu MHz		: 2972.722
cache size	: 6144 KB
physical id	: 0
siblings	: 8
core id		: 2
cpu cores	: 4
apicid		: 5
initial apicid	: 5
fpu		: yes
fpu_exception	: yes
cpuid level	: 22
wp		: yes
flags		: fpu vme de pse tsc msr pae mce cx8 apic sep mtrr pge mca cmov pat pse36 clflush dts acpi mmx fxsr sse sse2 ss ht tm pbe syscall nx pdpe1gb rdtscp lm constant_tsc art arch_perfmon pebs bts rep_good nopl xtopology nonstop_tsc cpuid aperfmperf tsc_known_freq pni pclmulqdq dtes64 monitor ds_cpl vmx est tm2 ssse3 sdbg fma cx16 xtpr pdcm pcid sse4_1 sse4_2 x2apic movbe popcnt tsc_deadline_timer aes xsave avx f16c rdrand lahf_lm abm 3dnowprefetch cpuid_fault epb invpcid_single pti ssbd ibrs ibpb stibp tpr_shadow vnmi flexpriority ept vpid fsgsbase tsc_adjust bmi1 hle avx2 smep bmi2 erms invpcid rtm mpx rdseed adx smap clflushopt intel_pt xsaveopt xsavec xgetbv1 xsaves dtherm ida arat pln pts hwp hwp_notify hwp_act_window hwp_epp md_clear flush_l1d
bugs		: cpu_meltdown spectre_v1 spectre_v2 spec_store_bypass l1tf mds swapgs
bogomips	: 5184.00
clflush size	: 64
cache_alignment	: 64
address sizes	: 39 bits physical, 48 bits virtual
power management:

processor	: 7
vendor_id	: GenuineIntel
cpu family	: 6
model		: 94
model name	: Intel(R) Core(TM) i7-6700HQ CPU @ 2.60GHz
stepping	: 3
microcode	: 0xcc
cpu MHz		: 2965.995
cache size	: 6144 KB
physical id	: 0
siblings	: 8
core id		: 3
cpu cores	: 4
apicid		: 7
initial apicid	: 7
fpu		: yes
fpu_exception	: yes
cpuid level	: 22
wp		: yes
flags		: fpu vme de pse tsc msr pae mce cx8 apic sep mtrr pge mca cmov pat pse36 clflush dts acpi mmx fxsr sse sse2 ss ht tm pbe syscall nx pdpe1gb rdtscp lm constant_tsc art arch_perfmon pebs bts rep_good nopl xtopology nonstop_tsc cpuid aperfmperf tsc_known_freq pni pclmulqdq dtes64 monitor ds_cpl vmx est tm2 ssse3 sdbg fma cx16 xtpr pdcm pcid sse4_1 sse4_2 x2apic movbe popcnt tsc_deadline_timer aes xsave avx f16c rdrand lahf_lm abm 3dnowprefetch cpuid_fault epb invpcid_single pti ssbd ibrs ibpb stibp tpr_shadow vnmi flexpriority ept vpid fsgsbase tsc_adjust bmi1 hle avx2 smep bmi2 erms invpcid rtm mpx rdseed adx smap clflushopt intel_pt xsaveopt xsavec xgetbv1 xsaves dtherm ida arat pln pts hwp hwp_notify hwp_act_window hwp_epp md_clear flush_l1d
bugs		: cpu_meltdown spectre_v1 spectre_v2 spec_store_bypass l1tf mds swapgs
bogomips	: 5184.00
clflush size	: 64
cache_alignment	: 64
address sizes	: 39 bits physical, 48 bits virtual
power management:



Memory: 4k page, physical 16267952k(146912k free), swap 1003516k(0k free)

vm_info: OpenJDK 64-Bit Server VM (25.222-b10) for linux-amd64 JRE (1.8.0_222-8u222-b10-1ubuntu1~16.04.1-b10), built on Jul 18 2019 20:25:18 by "buildd" with gcc 5.4.0 20160609

time: Wed Sep 18 14:01:26 2019
timezone: BST
elapsed time: 6 seconds (0d 0h 0m 6s)

